[2025-01-31T09:51:00.400+0000] {processor.py:186} INFO - Started process (PID=57) to work on /opt/airflow/dags/hw_dag.py
[2025-01-31T09:51:00.402+0000] {processor.py:914} INFO - Processing file /opt/airflow/dags/hw_dag.py for tasks to queue
[2025-01-31T09:51:00.405+0000] {logging_mixin.py:190} INFO - [2025-01-31T09:51:00.405+0000] {dagbag.py:588} INFO - Filling up the DagBag from /opt/airflow/dags/hw_dag.py
[2025-01-31T09:51:02.037+0000] {logging_mixin.py:190} INFO - [2025-01-31T09:51:02.037+0000] {predict.py:84} INFO - Текущий рабочий каталог: /opt/airflow, Абсолютный путь: /opt/airflow
[2025-01-31T09:51:02.043+0000] {processor.py:925} INFO - DAG(s) 'model_pipeline' retrieved from /opt/airflow/dags/hw_dag.py
[2025-01-31T09:51:02.064+0000] {logging_mixin.py:190} INFO - [2025-01-31T09:51:02.063+0000] {dag.py:3239} INFO - Sync 1 DAGs
[2025-01-31T09:51:02.077+0000] {logging_mixin.py:190} INFO - [2025-01-31T09:51:02.077+0000] {dag.py:4180} INFO - Setting next_dagrun for model_pipeline to None, run_after=None
[2025-01-31T09:51:02.095+0000] {processor.py:208} INFO - Processing /opt/airflow/dags/hw_dag.py took 1.702 seconds
[2025-01-31T09:51:32.824+0000] {processor.py:186} INFO - Started process (PID=141) to work on /opt/airflow/dags/hw_dag.py
[2025-01-31T09:51:32.825+0000] {processor.py:914} INFO - Processing file /opt/airflow/dags/hw_dag.py for tasks to queue
[2025-01-31T09:51:32.828+0000] {logging_mixin.py:190} INFO - [2025-01-31T09:51:32.827+0000] {dagbag.py:588} INFO - Filling up the DagBag from /opt/airflow/dags/hw_dag.py
[2025-01-31T09:51:33.837+0000] {logging_mixin.py:190} INFO - [2025-01-31T09:51:33.837+0000] {predict.py:84} INFO - Текущий рабочий каталог: /opt/airflow, Абсолютный путь: /opt/airflow
[2025-01-31T09:51:33.841+0000] {processor.py:925} INFO - DAG(s) 'model_pipeline' retrieved from /opt/airflow/dags/hw_dag.py
[2025-01-31T09:51:33.858+0000] {logging_mixin.py:190} INFO - [2025-01-31T09:51:33.858+0000] {dag.py:3239} INFO - Sync 1 DAGs
[2025-01-31T09:51:33.871+0000] {logging_mixin.py:190} INFO - [2025-01-31T09:51:33.871+0000] {dag.py:4180} INFO - Setting next_dagrun for model_pipeline to None, run_after=None
[2025-01-31T09:51:33.894+0000] {processor.py:208} INFO - Processing /opt/airflow/dags/hw_dag.py took 1.075 seconds
[2025-01-31T09:52:04.108+0000] {processor.py:186} INFO - Started process (PID=231) to work on /opt/airflow/dags/hw_dag.py
[2025-01-31T09:52:04.109+0000] {processor.py:914} INFO - Processing file /opt/airflow/dags/hw_dag.py for tasks to queue
[2025-01-31T09:52:04.112+0000] {logging_mixin.py:190} INFO - [2025-01-31T09:52:04.111+0000] {dagbag.py:588} INFO - Filling up the DagBag from /opt/airflow/dags/hw_dag.py
[2025-01-31T09:52:05.025+0000] {logging_mixin.py:190} INFO - [2025-01-31T09:52:05.025+0000] {predict.py:84} INFO - Текущий рабочий каталог: /opt/airflow, Абсолютный путь: /opt/airflow
[2025-01-31T09:52:05.028+0000] {processor.py:925} INFO - DAG(s) 'model_pipeline' retrieved from /opt/airflow/dags/hw_dag.py
[2025-01-31T09:52:05.042+0000] {logging_mixin.py:190} INFO - [2025-01-31T09:52:05.041+0000] {dag.py:3239} INFO - Sync 1 DAGs
[2025-01-31T09:52:05.055+0000] {logging_mixin.py:190} INFO - [2025-01-31T09:52:05.055+0000] {dag.py:4180} INFO - Setting next_dagrun for model_pipeline to None, run_after=None
[2025-01-31T09:52:05.073+0000] {processor.py:208} INFO - Processing /opt/airflow/dags/hw_dag.py took 0.969 seconds
[2025-01-31T09:52:35.984+0000] {processor.py:186} INFO - Started process (PID=314) to work on /opt/airflow/dags/hw_dag.py
[2025-01-31T09:52:35.985+0000] {processor.py:914} INFO - Processing file /opt/airflow/dags/hw_dag.py for tasks to queue
[2025-01-31T09:52:35.987+0000] {logging_mixin.py:190} INFO - [2025-01-31T09:52:35.987+0000] {dagbag.py:588} INFO - Filling up the DagBag from /opt/airflow/dags/hw_dag.py
[2025-01-31T09:52:36.882+0000] {logging_mixin.py:190} INFO - [2025-01-31T09:52:36.881+0000] {predict.py:84} INFO - Текущий рабочий каталог: /opt/airflow, Абсолютный путь: /opt/airflow
[2025-01-31T09:52:36.886+0000] {processor.py:925} INFO - DAG(s) 'model_pipeline' retrieved from /opt/airflow/dags/hw_dag.py
[2025-01-31T09:52:36.904+0000] {logging_mixin.py:190} INFO - [2025-01-31T09:52:36.903+0000] {dag.py:3239} INFO - Sync 1 DAGs
[2025-01-31T09:52:36.919+0000] {logging_mixin.py:190} INFO - [2025-01-31T09:52:36.919+0000] {dag.py:4180} INFO - Setting next_dagrun for model_pipeline to None, run_after=None
[2025-01-31T09:52:36.939+0000] {processor.py:208} INFO - Processing /opt/airflow/dags/hw_dag.py took 0.959 seconds
[2025-01-31T09:53:07.432+0000] {processor.py:186} INFO - Started process (PID=397) to work on /opt/airflow/dags/hw_dag.py
[2025-01-31T09:53:07.433+0000] {processor.py:914} INFO - Processing file /opt/airflow/dags/hw_dag.py for tasks to queue
[2025-01-31T09:53:07.437+0000] {logging_mixin.py:190} INFO - [2025-01-31T09:53:07.437+0000] {dagbag.py:588} INFO - Filling up the DagBag from /opt/airflow/dags/hw_dag.py
[2025-01-31T09:53:08.319+0000] {logging_mixin.py:190} INFO - [2025-01-31T09:53:08.319+0000] {predict.py:84} INFO - Текущий рабочий каталог: /opt/airflow, Абсолютный путь: /opt/airflow
[2025-01-31T09:53:08.323+0000] {processor.py:925} INFO - DAG(s) 'model_pipeline' retrieved from /opt/airflow/dags/hw_dag.py
[2025-01-31T09:53:08.335+0000] {logging_mixin.py:190} INFO - [2025-01-31T09:53:08.335+0000] {dag.py:3239} INFO - Sync 1 DAGs
[2025-01-31T09:53:08.345+0000] {logging_mixin.py:190} INFO - [2025-01-31T09:53:08.345+0000] {dag.py:4180} INFO - Setting next_dagrun for model_pipeline to None, run_after=None
[2025-01-31T09:53:08.360+0000] {processor.py:208} INFO - Processing /opt/airflow/dags/hw_dag.py took 0.937 seconds
[2025-01-31T09:53:38.758+0000] {processor.py:186} INFO - Started process (PID=475) to work on /opt/airflow/dags/hw_dag.py
[2025-01-31T09:53:38.759+0000] {processor.py:914} INFO - Processing file /opt/airflow/dags/hw_dag.py for tasks to queue
[2025-01-31T09:53:38.762+0000] {logging_mixin.py:190} INFO - [2025-01-31T09:53:38.761+0000] {dagbag.py:588} INFO - Filling up the DagBag from /opt/airflow/dags/hw_dag.py
[2025-01-31T09:53:39.614+0000] {logging_mixin.py:190} INFO - [2025-01-31T09:53:39.614+0000] {predict.py:84} INFO - Текущий рабочий каталог: /opt/airflow, Абсолютный путь: /opt/airflow
[2025-01-31T09:53:39.618+0000] {processor.py:925} INFO - DAG(s) 'model_pipeline' retrieved from /opt/airflow/dags/hw_dag.py
[2025-01-31T09:53:39.633+0000] {logging_mixin.py:190} INFO - [2025-01-31T09:53:39.632+0000] {dag.py:3239} INFO - Sync 1 DAGs
[2025-01-31T09:53:39.644+0000] {logging_mixin.py:190} INFO - [2025-01-31T09:53:39.644+0000] {dag.py:4180} INFO - Setting next_dagrun for model_pipeline to None, run_after=None
[2025-01-31T09:53:39.661+0000] {processor.py:208} INFO - Processing /opt/airflow/dags/hw_dag.py took 0.908 seconds
[2025-01-31T09:54:09.923+0000] {processor.py:186} INFO - Started process (PID=559) to work on /opt/airflow/dags/hw_dag.py
[2025-01-31T09:54:09.924+0000] {processor.py:914} INFO - Processing file /opt/airflow/dags/hw_dag.py for tasks to queue
[2025-01-31T09:54:09.927+0000] {logging_mixin.py:190} INFO - [2025-01-31T09:54:09.927+0000] {dagbag.py:588} INFO - Filling up the DagBag from /opt/airflow/dags/hw_dag.py
[2025-01-31T09:54:10.837+0000] {logging_mixin.py:190} INFO - [2025-01-31T09:54:10.837+0000] {predict.py:84} INFO - Текущий рабочий каталог: /opt/airflow, Абсолютный путь: /opt/airflow
[2025-01-31T09:54:10.840+0000] {processor.py:925} INFO - DAG(s) 'model_pipeline' retrieved from /opt/airflow/dags/hw_dag.py
[2025-01-31T09:54:10.856+0000] {logging_mixin.py:190} INFO - [2025-01-31T09:54:10.856+0000] {dag.py:3239} INFO - Sync 1 DAGs
[2025-01-31T09:54:10.868+0000] {logging_mixin.py:190} INFO - [2025-01-31T09:54:10.868+0000] {dag.py:4180} INFO - Setting next_dagrun for model_pipeline to None, run_after=None
[2025-01-31T09:54:10.885+0000] {processor.py:208} INFO - Processing /opt/airflow/dags/hw_dag.py took 0.968 seconds
[2025-01-31T09:54:41.227+0000] {processor.py:186} INFO - Started process (PID=639) to work on /opt/airflow/dags/hw_dag.py
[2025-01-31T09:54:41.228+0000] {processor.py:914} INFO - Processing file /opt/airflow/dags/hw_dag.py for tasks to queue
[2025-01-31T09:54:41.230+0000] {logging_mixin.py:190} INFO - [2025-01-31T09:54:41.230+0000] {dagbag.py:588} INFO - Filling up the DagBag from /opt/airflow/dags/hw_dag.py
[2025-01-31T09:54:42.267+0000] {logging_mixin.py:190} INFO - [2025-01-31T09:54:42.267+0000] {predict.py:84} INFO - Текущий рабочий каталог: /opt/airflow, Абсолютный путь: /opt/airflow
[2025-01-31T09:54:42.271+0000] {processor.py:925} INFO - DAG(s) 'model_pipeline' retrieved from /opt/airflow/dags/hw_dag.py
[2025-01-31T09:54:42.284+0000] {logging_mixin.py:190} INFO - [2025-01-31T09:54:42.284+0000] {dag.py:3239} INFO - Sync 1 DAGs
[2025-01-31T09:54:42.298+0000] {logging_mixin.py:190} INFO - [2025-01-31T09:54:42.298+0000] {dag.py:4180} INFO - Setting next_dagrun for model_pipeline to None, run_after=None
[2025-01-31T09:54:42.314+0000] {processor.py:208} INFO - Processing /opt/airflow/dags/hw_dag.py took 1.093 seconds
[2025-01-31T09:55:13.090+0000] {processor.py:186} INFO - Started process (PID=717) to work on /opt/airflow/dags/hw_dag.py
[2025-01-31T09:55:13.091+0000] {processor.py:914} INFO - Processing file /opt/airflow/dags/hw_dag.py for tasks to queue
[2025-01-31T09:55:13.093+0000] {logging_mixin.py:190} INFO - [2025-01-31T09:55:13.093+0000] {dagbag.py:588} INFO - Filling up the DagBag from /opt/airflow/dags/hw_dag.py
[2025-01-31T09:55:13.950+0000] {logging_mixin.py:190} INFO - [2025-01-31T09:55:13.950+0000] {predict.py:84} INFO - Текущий рабочий каталог: /opt/airflow, Абсолютный путь: /opt/airflow
[2025-01-31T09:55:13.954+0000] {processor.py:925} INFO - DAG(s) 'model_pipeline' retrieved from /opt/airflow/dags/hw_dag.py
[2025-01-31T09:55:13.969+0000] {logging_mixin.py:190} INFO - [2025-01-31T09:55:13.969+0000] {dag.py:3239} INFO - Sync 1 DAGs
[2025-01-31T09:55:13.983+0000] {logging_mixin.py:190} INFO - [2025-01-31T09:55:13.983+0000] {dag.py:4180} INFO - Setting next_dagrun for model_pipeline to None, run_after=None
[2025-01-31T09:55:14.003+0000] {processor.py:208} INFO - Processing /opt/airflow/dags/hw_dag.py took 0.919 seconds
[2025-01-31T09:55:44.161+0000] {processor.py:186} INFO - Started process (PID=802) to work on /opt/airflow/dags/hw_dag.py
[2025-01-31T09:55:44.162+0000] {processor.py:914} INFO - Processing file /opt/airflow/dags/hw_dag.py for tasks to queue
[2025-01-31T09:55:44.165+0000] {logging_mixin.py:190} INFO - [2025-01-31T09:55:44.165+0000] {dagbag.py:588} INFO - Filling up the DagBag from /opt/airflow/dags/hw_dag.py
[2025-01-31T09:55:45.029+0000] {logging_mixin.py:190} INFO - [2025-01-31T09:55:45.029+0000] {predict.py:84} INFO - Текущий рабочий каталог: /opt/airflow, Абсолютный путь: /opt/airflow
[2025-01-31T09:55:45.033+0000] {processor.py:925} INFO - DAG(s) 'model_pipeline' retrieved from /opt/airflow/dags/hw_dag.py
[2025-01-31T09:55:45.047+0000] {logging_mixin.py:190} INFO - [2025-01-31T09:55:45.047+0000] {dag.py:3239} INFO - Sync 1 DAGs
[2025-01-31T09:55:45.059+0000] {logging_mixin.py:190} INFO - [2025-01-31T09:55:45.059+0000] {dag.py:4180} INFO - Setting next_dagrun for model_pipeline to None, run_after=None
[2025-01-31T09:55:45.077+0000] {processor.py:208} INFO - Processing /opt/airflow/dags/hw_dag.py took 0.925 seconds
[2025-01-31T09:56:15.787+0000] {processor.py:186} INFO - Started process (PID=883) to work on /opt/airflow/dags/hw_dag.py
[2025-01-31T09:56:15.789+0000] {processor.py:914} INFO - Processing file /opt/airflow/dags/hw_dag.py for tasks to queue
[2025-01-31T09:56:15.792+0000] {logging_mixin.py:190} INFO - [2025-01-31T09:56:15.792+0000] {dagbag.py:588} INFO - Filling up the DagBag from /opt/airflow/dags/hw_dag.py
[2025-01-31T09:56:16.625+0000] {logging_mixin.py:190} INFO - [2025-01-31T09:56:16.625+0000] {predict.py:84} INFO - Текущий рабочий каталог: /opt/airflow, Абсолютный путь: /opt/airflow
[2025-01-31T09:56:16.629+0000] {processor.py:925} INFO - DAG(s) 'model_pipeline' retrieved from /opt/airflow/dags/hw_dag.py
[2025-01-31T09:56:16.642+0000] {logging_mixin.py:190} INFO - [2025-01-31T09:56:16.642+0000] {dag.py:3239} INFO - Sync 1 DAGs
[2025-01-31T09:56:16.653+0000] {logging_mixin.py:190} INFO - [2025-01-31T09:56:16.653+0000] {dag.py:4180} INFO - Setting next_dagrun for model_pipeline to None, run_after=None
[2025-01-31T09:56:16.670+0000] {processor.py:208} INFO - Processing /opt/airflow/dags/hw_dag.py took 0.891 seconds
[2025-01-31T09:56:46.716+0000] {processor.py:186} INFO - Started process (PID=962) to work on /opt/airflow/dags/hw_dag.py
[2025-01-31T09:56:46.717+0000] {processor.py:914} INFO - Processing file /opt/airflow/dags/hw_dag.py for tasks to queue
[2025-01-31T09:56:46.720+0000] {logging_mixin.py:190} INFO - [2025-01-31T09:56:46.719+0000] {dagbag.py:588} INFO - Filling up the DagBag from /opt/airflow/dags/hw_dag.py
[2025-01-31T09:56:47.562+0000] {logging_mixin.py:190} INFO - [2025-01-31T09:56:47.562+0000] {predict.py:84} INFO - Текущий рабочий каталог: /opt/airflow, Абсолютный путь: /opt/airflow
[2025-01-31T09:56:47.566+0000] {processor.py:925} INFO - DAG(s) 'model_pipeline' retrieved from /opt/airflow/dags/hw_dag.py
[2025-01-31T09:56:47.581+0000] {logging_mixin.py:190} INFO - [2025-01-31T09:56:47.581+0000] {dag.py:3239} INFO - Sync 1 DAGs
[2025-01-31T09:56:47.592+0000] {logging_mixin.py:190} INFO - [2025-01-31T09:56:47.592+0000] {dag.py:4180} INFO - Setting next_dagrun for model_pipeline to None, run_after=None
[2025-01-31T09:56:47.608+0000] {processor.py:208} INFO - Processing /opt/airflow/dags/hw_dag.py took 0.897 seconds
[2025-01-31T09:57:18.479+0000] {processor.py:186} INFO - Started process (PID=1043) to work on /opt/airflow/dags/hw_dag.py
[2025-01-31T09:57:18.480+0000] {processor.py:914} INFO - Processing file /opt/airflow/dags/hw_dag.py for tasks to queue
[2025-01-31T09:57:18.483+0000] {logging_mixin.py:190} INFO - [2025-01-31T09:57:18.483+0000] {dagbag.py:588} INFO - Filling up the DagBag from /opt/airflow/dags/hw_dag.py
[2025-01-31T09:57:19.346+0000] {logging_mixin.py:190} INFO - [2025-01-31T09:57:19.346+0000] {predict.py:84} INFO - Текущий рабочий каталог: /opt/airflow, Абсолютный путь: /opt/airflow
[2025-01-31T09:57:19.350+0000] {processor.py:925} INFO - DAG(s) 'model_pipeline' retrieved from /opt/airflow/dags/hw_dag.py
[2025-01-31T09:57:19.364+0000] {logging_mixin.py:190} INFO - [2025-01-31T09:57:19.364+0000] {dag.py:3239} INFO - Sync 1 DAGs
[2025-01-31T09:57:19.377+0000] {logging_mixin.py:190} INFO - [2025-01-31T09:57:19.376+0000] {dag.py:4180} INFO - Setting next_dagrun for model_pipeline to None, run_after=None
[2025-01-31T09:57:19.395+0000] {processor.py:208} INFO - Processing /opt/airflow/dags/hw_dag.py took 0.922 seconds
[2025-01-31T09:57:49.549+0000] {processor.py:186} INFO - Started process (PID=1127) to work on /opt/airflow/dags/hw_dag.py
[2025-01-31T09:57:49.550+0000] {processor.py:914} INFO - Processing file /opt/airflow/dags/hw_dag.py for tasks to queue
[2025-01-31T09:57:49.553+0000] {logging_mixin.py:190} INFO - [2025-01-31T09:57:49.553+0000] {dagbag.py:588} INFO - Filling up the DagBag from /opt/airflow/dags/hw_dag.py
[2025-01-31T09:57:50.531+0000] {logging_mixin.py:190} INFO - [2025-01-31T09:57:50.531+0000] {predict.py:84} INFO - Текущий рабочий каталог: /opt/airflow, Абсолютный путь: /opt/airflow
[2025-01-31T09:57:50.537+0000] {processor.py:925} INFO - DAG(s) 'model_pipeline' retrieved from /opt/airflow/dags/hw_dag.py
[2025-01-31T09:57:50.561+0000] {logging_mixin.py:190} INFO - [2025-01-31T09:57:50.560+0000] {dag.py:3239} INFO - Sync 1 DAGs
[2025-01-31T09:57:50.588+0000] {logging_mixin.py:190} INFO - [2025-01-31T09:57:50.587+0000] {dag.py:4180} INFO - Setting next_dagrun for model_pipeline to None, run_after=None
[2025-01-31T09:57:50.617+0000] {processor.py:208} INFO - Processing /opt/airflow/dags/hw_dag.py took 1.075 seconds
[2025-01-31T09:58:21.099+0000] {processor.py:186} INFO - Started process (PID=1211) to work on /opt/airflow/dags/hw_dag.py
[2025-01-31T09:58:21.100+0000] {processor.py:914} INFO - Processing file /opt/airflow/dags/hw_dag.py for tasks to queue
[2025-01-31T09:58:21.103+0000] {logging_mixin.py:190} INFO - [2025-01-31T09:58:21.102+0000] {dagbag.py:588} INFO - Filling up the DagBag from /opt/airflow/dags/hw_dag.py
[2025-01-31T09:58:21.939+0000] {logging_mixin.py:190} INFO - [2025-01-31T09:58:21.939+0000] {predict.py:84} INFO - Текущий рабочий каталог: /opt/airflow, Абсолютный путь: /opt/airflow
[2025-01-31T09:58:21.943+0000] {processor.py:925} INFO - DAG(s) 'model_pipeline' retrieved from /opt/airflow/dags/hw_dag.py
[2025-01-31T09:58:21.961+0000] {logging_mixin.py:190} INFO - [2025-01-31T09:58:21.960+0000] {dag.py:3239} INFO - Sync 1 DAGs
[2025-01-31T09:58:21.971+0000] {logging_mixin.py:190} INFO - [2025-01-31T09:58:21.971+0000] {dag.py:4180} INFO - Setting next_dagrun for model_pipeline to None, run_after=None
[2025-01-31T09:58:21.985+0000] {processor.py:208} INFO - Processing /opt/airflow/dags/hw_dag.py took 0.891 seconds
[2025-01-31T09:58:52.913+0000] {processor.py:186} INFO - Started process (PID=1289) to work on /opt/airflow/dags/hw_dag.py
[2025-01-31T09:58:52.914+0000] {processor.py:914} INFO - Processing file /opt/airflow/dags/hw_dag.py for tasks to queue
[2025-01-31T09:58:52.916+0000] {logging_mixin.py:190} INFO - [2025-01-31T09:58:52.916+0000] {dagbag.py:588} INFO - Filling up the DagBag from /opt/airflow/dags/hw_dag.py
[2025-01-31T09:58:53.659+0000] {logging_mixin.py:190} INFO - [2025-01-31T09:58:53.659+0000] {predict.py:84} INFO - Текущий рабочий каталог: /opt/airflow, Абсолютный путь: /opt/airflow
[2025-01-31T09:58:53.662+0000] {processor.py:925} INFO - DAG(s) 'model_pipeline' retrieved from /opt/airflow/dags/hw_dag.py
[2025-01-31T09:58:53.681+0000] {logging_mixin.py:190} INFO - [2025-01-31T09:58:53.680+0000] {dag.py:3239} INFO - Sync 1 DAGs
[2025-01-31T09:58:53.698+0000] {logging_mixin.py:190} INFO - [2025-01-31T09:58:53.698+0000] {dag.py:4180} INFO - Setting next_dagrun for model_pipeline to None, run_after=None
[2025-01-31T09:58:53.718+0000] {processor.py:208} INFO - Processing /opt/airflow/dags/hw_dag.py took 0.810 seconds
[2025-01-31T09:59:24.448+0000] {processor.py:186} INFO - Started process (PID=1367) to work on /opt/airflow/dags/hw_dag.py
[2025-01-31T09:59:24.498+0000] {processor.py:914} INFO - Processing file /opt/airflow/dags/hw_dag.py for tasks to queue
[2025-01-31T09:59:24.500+0000] {logging_mixin.py:190} INFO - [2025-01-31T09:59:24.500+0000] {dagbag.py:588} INFO - Filling up the DagBag from /opt/airflow/dags/hw_dag.py
[2025-01-31T09:59:26.642+0000] {logging_mixin.py:190} INFO - [2025-01-31T09:59:26.642+0000] {predict.py:84} INFO - Текущий рабочий каталог: /opt/airflow, Абсолютный путь: /opt/airflow
[2025-01-31T09:59:26.646+0000] {processor.py:925} INFO - DAG(s) 'model_pipeline' retrieved from /opt/airflow/dags/hw_dag.py
[2025-01-31T09:59:26.682+0000] {logging_mixin.py:190} INFO - [2025-01-31T09:59:26.681+0000] {dag.py:3239} INFO - Sync 1 DAGs
[2025-01-31T09:59:26.940+0000] {logging_mixin.py:190} INFO - [2025-01-31T09:59:26.940+0000] {dag.py:4180} INFO - Setting next_dagrun for model_pipeline to None, run_after=None
[2025-01-31T09:59:27.230+0000] {processor.py:208} INFO - Processing /opt/airflow/dags/hw_dag.py took 2.796 seconds
[2025-01-31T09:59:57.647+0000] {processor.py:186} INFO - Started process (PID=1445) to work on /opt/airflow/dags/hw_dag.py
[2025-01-31T09:59:57.648+0000] {processor.py:914} INFO - Processing file /opt/airflow/dags/hw_dag.py for tasks to queue
[2025-01-31T09:59:57.653+0000] {logging_mixin.py:190} INFO - [2025-01-31T09:59:57.652+0000] {dagbag.py:588} INFO - Filling up the DagBag from /opt/airflow/dags/hw_dag.py
[2025-01-31T09:59:58.526+0000] {logging_mixin.py:190} INFO - [2025-01-31T09:59:58.526+0000] {predict.py:84} INFO - Текущий рабочий каталог: /opt/airflow, Абсолютный путь: /opt/airflow
[2025-01-31T09:59:58.530+0000] {processor.py:925} INFO - DAG(s) 'model_pipeline' retrieved from /opt/airflow/dags/hw_dag.py
[2025-01-31T09:59:58.545+0000] {logging_mixin.py:190} INFO - [2025-01-31T09:59:58.544+0000] {dag.py:3239} INFO - Sync 1 DAGs
[2025-01-31T09:59:58.555+0000] {logging_mixin.py:190} INFO - [2025-01-31T09:59:58.555+0000] {dag.py:4180} INFO - Setting next_dagrun for model_pipeline to None, run_after=None
[2025-01-31T09:59:58.572+0000] {processor.py:208} INFO - Processing /opt/airflow/dags/hw_dag.py took 0.935 seconds
[2025-01-31T10:00:29.138+0000] {processor.py:186} INFO - Started process (PID=1522) to work on /opt/airflow/dags/hw_dag.py
[2025-01-31T10:00:29.140+0000] {processor.py:914} INFO - Processing file /opt/airflow/dags/hw_dag.py for tasks to queue
[2025-01-31T10:00:29.143+0000] {logging_mixin.py:190} INFO - [2025-01-31T10:00:29.142+0000] {dagbag.py:588} INFO - Filling up the DagBag from /opt/airflow/dags/hw_dag.py
[2025-01-31T10:00:30.167+0000] {logging_mixin.py:190} INFO - [2025-01-31T10:00:30.167+0000] {predict.py:84} INFO - Текущий рабочий каталог: /opt/airflow, Абсолютный путь: /opt/airflow
[2025-01-31T10:00:30.171+0000] {processor.py:925} INFO - DAG(s) 'model_pipeline' retrieved from /opt/airflow/dags/hw_dag.py
[2025-01-31T10:00:30.186+0000] {logging_mixin.py:190} INFO - [2025-01-31T10:00:30.186+0000] {dag.py:3239} INFO - Sync 1 DAGs
[2025-01-31T10:00:30.205+0000] {logging_mixin.py:190} INFO - [2025-01-31T10:00:30.203+0000] {dag.py:4180} INFO - Setting next_dagrun for model_pipeline to None, run_after=None
[2025-01-31T10:00:30.229+0000] {processor.py:208} INFO - Processing /opt/airflow/dags/hw_dag.py took 1.097 seconds
[2025-01-31T10:01:00.361+0000] {processor.py:186} INFO - Started process (PID=1600) to work on /opt/airflow/dags/hw_dag.py
[2025-01-31T10:01:00.362+0000] {processor.py:914} INFO - Processing file /opt/airflow/dags/hw_dag.py for tasks to queue
[2025-01-31T10:01:00.364+0000] {logging_mixin.py:190} INFO - [2025-01-31T10:01:00.364+0000] {dagbag.py:588} INFO - Filling up the DagBag from /opt/airflow/dags/hw_dag.py
[2025-01-31T10:01:01.479+0000] {logging_mixin.py:190} INFO - [2025-01-31T10:01:01.479+0000] {predict.py:84} INFO - Текущий рабочий каталог: /opt/airflow, Абсолютный путь: /opt/airflow
[2025-01-31T10:01:01.484+0000] {processor.py:925} INFO - DAG(s) 'model_pipeline' retrieved from /opt/airflow/dags/hw_dag.py
[2025-01-31T10:01:01.507+0000] {logging_mixin.py:190} INFO - [2025-01-31T10:01:01.506+0000] {dag.py:3239} INFO - Sync 1 DAGs
[2025-01-31T10:01:01.526+0000] {logging_mixin.py:190} INFO - [2025-01-31T10:01:01.526+0000] {dag.py:4180} INFO - Setting next_dagrun for model_pipeline to None, run_after=None
[2025-01-31T10:01:01.560+0000] {processor.py:208} INFO - Processing /opt/airflow/dags/hw_dag.py took 1.204 seconds
[2025-01-31T10:01:32.045+0000] {processor.py:186} INFO - Started process (PID=1678) to work on /opt/airflow/dags/hw_dag.py
[2025-01-31T10:01:32.047+0000] {processor.py:914} INFO - Processing file /opt/airflow/dags/hw_dag.py for tasks to queue
[2025-01-31T10:01:32.050+0000] {logging_mixin.py:190} INFO - [2025-01-31T10:01:32.050+0000] {dagbag.py:588} INFO - Filling up the DagBag from /opt/airflow/dags/hw_dag.py
[2025-01-31T10:01:32.978+0000] {logging_mixin.py:190} INFO - [2025-01-31T10:01:32.978+0000] {predict.py:84} INFO - Текущий рабочий каталог: /opt/airflow, Абсолютный путь: /opt/airflow
[2025-01-31T10:01:32.983+0000] {processor.py:925} INFO - DAG(s) 'model_pipeline' retrieved from /opt/airflow/dags/hw_dag.py
[2025-01-31T10:01:32.998+0000] {logging_mixin.py:190} INFO - [2025-01-31T10:01:32.998+0000] {dag.py:3239} INFO - Sync 1 DAGs
[2025-01-31T10:01:33.011+0000] {logging_mixin.py:190} INFO - [2025-01-31T10:01:33.010+0000] {dag.py:4180} INFO - Setting next_dagrun for model_pipeline to None, run_after=None
[2025-01-31T10:01:33.033+0000] {processor.py:208} INFO - Processing /opt/airflow/dags/hw_dag.py took 0.993 seconds
[2025-01-31T10:02:03.717+0000] {processor.py:186} INFO - Started process (PID=1756) to work on /opt/airflow/dags/hw_dag.py
[2025-01-31T10:02:03.721+0000] {processor.py:914} INFO - Processing file /opt/airflow/dags/hw_dag.py for tasks to queue
[2025-01-31T10:02:03.725+0000] {logging_mixin.py:190} INFO - [2025-01-31T10:02:03.725+0000] {dagbag.py:588} INFO - Filling up the DagBag from /opt/airflow/dags/hw_dag.py
[2025-01-31T10:02:04.576+0000] {logging_mixin.py:190} INFO - [2025-01-31T10:02:04.576+0000] {predict.py:84} INFO - Текущий рабочий каталог: /opt/airflow, Абсолютный путь: /opt/airflow
[2025-01-31T10:02:04.582+0000] {processor.py:925} INFO - DAG(s) 'model_pipeline' retrieved from /opt/airflow/dags/hw_dag.py
[2025-01-31T10:02:04.606+0000] {logging_mixin.py:190} INFO - [2025-01-31T10:02:04.605+0000] {dag.py:3239} INFO - Sync 1 DAGs
[2025-01-31T10:02:04.628+0000] {logging_mixin.py:190} INFO - [2025-01-31T10:02:04.627+0000] {dag.py:4180} INFO - Setting next_dagrun for model_pipeline to None, run_after=None
[2025-01-31T10:02:04.647+0000] {processor.py:208} INFO - Processing /opt/airflow/dags/hw_dag.py took 0.938 seconds
[2025-01-31T10:02:35.006+0000] {processor.py:186} INFO - Started process (PID=1840) to work on /opt/airflow/dags/hw_dag.py
[2025-01-31T10:02:35.008+0000] {processor.py:914} INFO - Processing file /opt/airflow/dags/hw_dag.py for tasks to queue
[2025-01-31T10:02:35.010+0000] {logging_mixin.py:190} INFO - [2025-01-31T10:02:35.010+0000] {dagbag.py:588} INFO - Filling up the DagBag from /opt/airflow/dags/hw_dag.py
[2025-01-31T10:02:35.860+0000] {logging_mixin.py:190} INFO - [2025-01-31T10:02:35.859+0000] {predict.py:84} INFO - Текущий рабочий каталог: /opt/airflow, Абсолютный путь: /opt/airflow
[2025-01-31T10:02:35.863+0000] {processor.py:925} INFO - DAG(s) 'model_pipeline' retrieved from /opt/airflow/dags/hw_dag.py
[2025-01-31T10:02:35.876+0000] {logging_mixin.py:190} INFO - [2025-01-31T10:02:35.876+0000] {dag.py:3239} INFO - Sync 1 DAGs
[2025-01-31T10:02:35.888+0000] {logging_mixin.py:190} INFO - [2025-01-31T10:02:35.888+0000] {dag.py:4180} INFO - Setting next_dagrun for model_pipeline to None, run_after=None
[2025-01-31T10:02:35.905+0000] {processor.py:208} INFO - Processing /opt/airflow/dags/hw_dag.py took 0.905 seconds
[2025-01-31T10:03:06.553+0000] {processor.py:186} INFO - Started process (PID=1918) to work on /opt/airflow/dags/hw_dag.py
[2025-01-31T10:03:06.555+0000] {processor.py:914} INFO - Processing file /opt/airflow/dags/hw_dag.py for tasks to queue
[2025-01-31T10:03:06.558+0000] {logging_mixin.py:190} INFO - [2025-01-31T10:03:06.558+0000] {dagbag.py:588} INFO - Filling up the DagBag from /opt/airflow/dags/hw_dag.py
[2025-01-31T10:03:07.438+0000] {logging_mixin.py:190} INFO - [2025-01-31T10:03:07.437+0000] {predict.py:84} INFO - Текущий рабочий каталог: /opt/airflow, Абсолютный путь: /opt/airflow
[2025-01-31T10:03:07.441+0000] {processor.py:925} INFO - DAG(s) 'model_pipeline' retrieved from /opt/airflow/dags/hw_dag.py
[2025-01-31T10:03:07.456+0000] {logging_mixin.py:190} INFO - [2025-01-31T10:03:07.455+0000] {dag.py:3239} INFO - Sync 1 DAGs
[2025-01-31T10:03:07.466+0000] {logging_mixin.py:190} INFO - [2025-01-31T10:03:07.466+0000] {dag.py:4180} INFO - Setting next_dagrun for model_pipeline to None, run_after=None
[2025-01-31T10:03:07.484+0000] {processor.py:208} INFO - Processing /opt/airflow/dags/hw_dag.py took 0.937 seconds
[2025-01-31T10:03:38.291+0000] {processor.py:186} INFO - Started process (PID=1996) to work on /opt/airflow/dags/hw_dag.py
[2025-01-31T10:03:38.293+0000] {processor.py:914} INFO - Processing file /opt/airflow/dags/hw_dag.py for tasks to queue
[2025-01-31T10:03:38.298+0000] {logging_mixin.py:190} INFO - [2025-01-31T10:03:38.298+0000] {dagbag.py:588} INFO - Filling up the DagBag from /opt/airflow/dags/hw_dag.py
[2025-01-31T10:03:39.443+0000] {logging_mixin.py:190} INFO - [2025-01-31T10:03:39.443+0000] {predict.py:84} INFO - Текущий рабочий каталог: /opt/airflow, Абсолютный путь: /opt/airflow
[2025-01-31T10:03:39.449+0000] {processor.py:925} INFO - DAG(s) 'model_pipeline' retrieved from /opt/airflow/dags/hw_dag.py
[2025-01-31T10:03:39.472+0000] {logging_mixin.py:190} INFO - [2025-01-31T10:03:39.471+0000] {dag.py:3239} INFO - Sync 1 DAGs
[2025-01-31T10:03:39.490+0000] {logging_mixin.py:190} INFO - [2025-01-31T10:03:39.489+0000] {dag.py:4180} INFO - Setting next_dagrun for model_pipeline to None, run_after=None
[2025-01-31T10:03:39.517+0000] {processor.py:208} INFO - Processing /opt/airflow/dags/hw_dag.py took 1.235 seconds
[2025-01-31T10:04:09.912+0000] {processor.py:186} INFO - Started process (PID=2074) to work on /opt/airflow/dags/hw_dag.py
[2025-01-31T10:04:09.913+0000] {processor.py:914} INFO - Processing file /opt/airflow/dags/hw_dag.py for tasks to queue
[2025-01-31T10:04:09.916+0000] {logging_mixin.py:190} INFO - [2025-01-31T10:04:09.915+0000] {dagbag.py:588} INFO - Filling up the DagBag from /opt/airflow/dags/hw_dag.py
[2025-01-31T10:04:10.814+0000] {logging_mixin.py:190} INFO - [2025-01-31T10:04:10.814+0000] {predict.py:84} INFO - Текущий рабочий каталог: /opt/airflow, Абсолютный путь: /opt/airflow
[2025-01-31T10:04:10.818+0000] {processor.py:925} INFO - DAG(s) 'model_pipeline' retrieved from /opt/airflow/dags/hw_dag.py
[2025-01-31T10:04:10.836+0000] {logging_mixin.py:190} INFO - [2025-01-31T10:04:10.836+0000] {dag.py:3239} INFO - Sync 1 DAGs
[2025-01-31T10:04:10.849+0000] {logging_mixin.py:190} INFO - [2025-01-31T10:04:10.848+0000] {dag.py:4180} INFO - Setting next_dagrun for model_pipeline to None, run_after=None
[2025-01-31T10:04:10.868+0000] {processor.py:208} INFO - Processing /opt/airflow/dags/hw_dag.py took 0.961 seconds
[2025-01-31T10:04:41.631+0000] {processor.py:186} INFO - Started process (PID=2152) to work on /opt/airflow/dags/hw_dag.py
[2025-01-31T10:04:41.633+0000] {processor.py:914} INFO - Processing file /opt/airflow/dags/hw_dag.py for tasks to queue
[2025-01-31T10:04:41.637+0000] {logging_mixin.py:190} INFO - [2025-01-31T10:04:41.637+0000] {dagbag.py:588} INFO - Filling up the DagBag from /opt/airflow/dags/hw_dag.py
[2025-01-31T10:04:42.644+0000] {logging_mixin.py:190} INFO - [2025-01-31T10:04:42.644+0000] {predict.py:84} INFO - Текущий рабочий каталог: /opt/airflow, Абсолютный путь: /opt/airflow
[2025-01-31T10:04:42.649+0000] {processor.py:925} INFO - DAG(s) 'model_pipeline' retrieved from /opt/airflow/dags/hw_dag.py
[2025-01-31T10:04:42.668+0000] {logging_mixin.py:190} INFO - [2025-01-31T10:04:42.668+0000] {dag.py:3239} INFO - Sync 1 DAGs
[2025-01-31T10:04:42.681+0000] {logging_mixin.py:190} INFO - [2025-01-31T10:04:42.681+0000] {dag.py:4180} INFO - Setting next_dagrun for model_pipeline to None, run_after=None
[2025-01-31T10:04:42.702+0000] {processor.py:208} INFO - Processing /opt/airflow/dags/hw_dag.py took 1.079 seconds
[2025-01-31T10:05:13.650+0000] {processor.py:186} INFO - Started process (PID=2230) to work on /opt/airflow/dags/hw_dag.py
[2025-01-31T10:05:13.651+0000] {processor.py:914} INFO - Processing file /opt/airflow/dags/hw_dag.py for tasks to queue
[2025-01-31T10:05:13.656+0000] {logging_mixin.py:190} INFO - [2025-01-31T10:05:13.654+0000] {dagbag.py:588} INFO - Filling up the DagBag from /opt/airflow/dags/hw_dag.py
[2025-01-31T10:05:14.706+0000] {logging_mixin.py:190} INFO - [2025-01-31T10:05:14.705+0000] {predict.py:84} INFO - Текущий рабочий каталог: /opt/airflow, Абсолютный путь: /opt/airflow
[2025-01-31T10:05:14.711+0000] {processor.py:925} INFO - DAG(s) 'model_pipeline' retrieved from /opt/airflow/dags/hw_dag.py
[2025-01-31T10:05:14.736+0000] {logging_mixin.py:190} INFO - [2025-01-31T10:05:14.735+0000] {dag.py:3239} INFO - Sync 1 DAGs
[2025-01-31T10:05:14.757+0000] {logging_mixin.py:190} INFO - [2025-01-31T10:05:14.757+0000] {dag.py:4180} INFO - Setting next_dagrun for model_pipeline to None, run_after=None
[2025-01-31T10:05:14.783+0000] {processor.py:208} INFO - Processing /opt/airflow/dags/hw_dag.py took 1.142 seconds
[2025-01-31T10:05:44.951+0000] {processor.py:186} INFO - Started process (PID=2308) to work on /opt/airflow/dags/hw_dag.py
[2025-01-31T10:05:44.953+0000] {processor.py:914} INFO - Processing file /opt/airflow/dags/hw_dag.py for tasks to queue
[2025-01-31T10:05:44.957+0000] {logging_mixin.py:190} INFO - [2025-01-31T10:05:44.957+0000] {dagbag.py:588} INFO - Filling up the DagBag from /opt/airflow/dags/hw_dag.py
[2025-01-31T10:05:45.977+0000] {logging_mixin.py:190} INFO - [2025-01-31T10:05:45.977+0000] {predict.py:84} INFO - Текущий рабочий каталог: /opt/airflow, Абсолютный путь: /opt/airflow
[2025-01-31T10:05:45.982+0000] {processor.py:925} INFO - DAG(s) 'model_pipeline' retrieved from /opt/airflow/dags/hw_dag.py
[2025-01-31T10:05:46.003+0000] {logging_mixin.py:190} INFO - [2025-01-31T10:05:46.003+0000] {dag.py:3239} INFO - Sync 1 DAGs
[2025-01-31T10:05:46.017+0000] {logging_mixin.py:190} INFO - [2025-01-31T10:05:46.017+0000] {dag.py:4180} INFO - Setting next_dagrun for model_pipeline to None, run_after=None
[2025-01-31T10:05:46.037+0000] {processor.py:208} INFO - Processing /opt/airflow/dags/hw_dag.py took 1.093 seconds
[2025-01-31T10:06:16.118+0000] {processor.py:186} INFO - Started process (PID=2386) to work on /opt/airflow/dags/hw_dag.py
[2025-01-31T10:06:16.120+0000] {processor.py:914} INFO - Processing file /opt/airflow/dags/hw_dag.py for tasks to queue
[2025-01-31T10:06:16.124+0000] {logging_mixin.py:190} INFO - [2025-01-31T10:06:16.123+0000] {dagbag.py:588} INFO - Filling up the DagBag from /opt/airflow/dags/hw_dag.py
[2025-01-31T10:06:17.244+0000] {logging_mixin.py:190} INFO - [2025-01-31T10:06:17.243+0000] {predict.py:84} INFO - Текущий рабочий каталог: /opt/airflow, Абсолютный путь: /opt/airflow
[2025-01-31T10:06:17.247+0000] {processor.py:925} INFO - DAG(s) 'model_pipeline' retrieved from /opt/airflow/dags/hw_dag.py
[2025-01-31T10:06:17.270+0000] {logging_mixin.py:190} INFO - [2025-01-31T10:06:17.269+0000] {dag.py:3239} INFO - Sync 1 DAGs
[2025-01-31T10:06:17.288+0000] {logging_mixin.py:190} INFO - [2025-01-31T10:06:17.288+0000] {dag.py:4180} INFO - Setting next_dagrun for model_pipeline to None, run_after=None
[2025-01-31T10:06:17.321+0000] {processor.py:208} INFO - Processing /opt/airflow/dags/hw_dag.py took 1.209 seconds
[2025-01-31T10:06:48.023+0000] {processor.py:186} INFO - Started process (PID=2464) to work on /opt/airflow/dags/hw_dag.py
[2025-01-31T10:06:48.024+0000] {processor.py:914} INFO - Processing file /opt/airflow/dags/hw_dag.py for tasks to queue
[2025-01-31T10:06:48.026+0000] {logging_mixin.py:190} INFO - [2025-01-31T10:06:48.026+0000] {dagbag.py:588} INFO - Filling up the DagBag from /opt/airflow/dags/hw_dag.py
[2025-01-31T10:06:48.871+0000] {logging_mixin.py:190} INFO - [2025-01-31T10:06:48.871+0000] {predict.py:81} INFO - Текущий рабочий каталог: /opt/airflow, Абсолютный путь: /opt/airflow
[2025-01-31T10:06:48.876+0000] {processor.py:925} INFO - DAG(s) 'model_pipeline' retrieved from /opt/airflow/dags/hw_dag.py
[2025-01-31T10:06:48.896+0000] {logging_mixin.py:190} INFO - [2025-01-31T10:06:48.896+0000] {dag.py:3239} INFO - Sync 1 DAGs
[2025-01-31T10:06:48.914+0000] {logging_mixin.py:190} INFO - [2025-01-31T10:06:48.914+0000] {dag.py:4180} INFO - Setting next_dagrun for model_pipeline to None, run_after=None
[2025-01-31T10:06:48.933+0000] {processor.py:208} INFO - Processing /opt/airflow/dags/hw_dag.py took 0.917 seconds
[2025-01-31T10:07:19.598+0000] {processor.py:186} INFO - Started process (PID=2544) to work on /opt/airflow/dags/hw_dag.py
[2025-01-31T10:07:19.600+0000] {processor.py:914} INFO - Processing file /opt/airflow/dags/hw_dag.py for tasks to queue
[2025-01-31T10:07:19.603+0000] {logging_mixin.py:190} INFO - [2025-01-31T10:07:19.603+0000] {dagbag.py:588} INFO - Filling up the DagBag from /opt/airflow/dags/hw_dag.py
[2025-01-31T10:07:20.497+0000] {logging_mixin.py:190} INFO - [2025-01-31T10:07:20.497+0000] {predict.py:81} INFO - Текущий рабочий каталог: /opt/airflow, Абсолютный путь: /opt/airflow
[2025-01-31T10:07:20.501+0000] {processor.py:925} INFO - DAG(s) 'model_pipeline' retrieved from /opt/airflow/dags/hw_dag.py
[2025-01-31T10:07:20.514+0000] {logging_mixin.py:190} INFO - [2025-01-31T10:07:20.513+0000] {dag.py:3239} INFO - Sync 1 DAGs
[2025-01-31T10:07:20.527+0000] {logging_mixin.py:190} INFO - [2025-01-31T10:07:20.527+0000] {dag.py:4180} INFO - Setting next_dagrun for model_pipeline to None, run_after=None
[2025-01-31T10:07:20.543+0000] {processor.py:208} INFO - Processing /opt/airflow/dags/hw_dag.py took 0.955 seconds
[2025-01-31T10:07:50.844+0000] {processor.py:186} INFO - Started process (PID=2628) to work on /opt/airflow/dags/hw_dag.py
[2025-01-31T10:07:50.845+0000] {processor.py:914} INFO - Processing file /opt/airflow/dags/hw_dag.py for tasks to queue
[2025-01-31T10:07:50.847+0000] {logging_mixin.py:190} INFO - [2025-01-31T10:07:50.846+0000] {dagbag.py:588} INFO - Filling up the DagBag from /opt/airflow/dags/hw_dag.py
[2025-01-31T10:07:51.782+0000] {logging_mixin.py:190} INFO - [2025-01-31T10:07:51.781+0000] {predict.py:81} INFO - Текущий рабочий каталог: /opt/airflow, Абсолютный путь: /opt/airflow
[2025-01-31T10:07:51.788+0000] {processor.py:925} INFO - DAG(s) 'model_pipeline' retrieved from /opt/airflow/dags/hw_dag.py
[2025-01-31T10:07:51.813+0000] {logging_mixin.py:190} INFO - [2025-01-31T10:07:51.812+0000] {dag.py:3239} INFO - Sync 1 DAGs
[2025-01-31T10:07:51.832+0000] {logging_mixin.py:190} INFO - [2025-01-31T10:07:51.832+0000] {dag.py:4180} INFO - Setting next_dagrun for model_pipeline to None, run_after=None
[2025-01-31T10:07:51.851+0000] {processor.py:208} INFO - Processing /opt/airflow/dags/hw_dag.py took 1.012 seconds
[2025-01-31T10:08:22.504+0000] {processor.py:186} INFO - Started process (PID=2709) to work on /opt/airflow/dags/hw_dag.py
[2025-01-31T10:08:22.507+0000] {processor.py:914} INFO - Processing file /opt/airflow/dags/hw_dag.py for tasks to queue
[2025-01-31T10:08:22.511+0000] {logging_mixin.py:190} INFO - [2025-01-31T10:08:22.510+0000] {dagbag.py:588} INFO - Filling up the DagBag from /opt/airflow/dags/hw_dag.py
[2025-01-31T10:08:23.594+0000] {logging_mixin.py:190} INFO - [2025-01-31T10:08:23.594+0000] {predict.py:81} INFO - Текущий рабочий каталог: /opt/airflow, Абсолютный путь: /opt/airflow
[2025-01-31T10:08:23.597+0000] {processor.py:925} INFO - DAG(s) 'model_pipeline' retrieved from /opt/airflow/dags/hw_dag.py
[2025-01-31T10:08:23.611+0000] {logging_mixin.py:190} INFO - [2025-01-31T10:08:23.610+0000] {dag.py:3239} INFO - Sync 1 DAGs
[2025-01-31T10:08:23.624+0000] {logging_mixin.py:190} INFO - [2025-01-31T10:08:23.624+0000] {dag.py:4180} INFO - Setting next_dagrun for model_pipeline to None, run_after=None
[2025-01-31T10:08:23.640+0000] {processor.py:208} INFO - Processing /opt/airflow/dags/hw_dag.py took 1.146 seconds
[2025-01-31T10:08:53.953+0000] {processor.py:186} INFO - Started process (PID=2787) to work on /opt/airflow/dags/hw_dag.py
[2025-01-31T10:08:53.954+0000] {processor.py:914} INFO - Processing file /opt/airflow/dags/hw_dag.py for tasks to queue
[2025-01-31T10:08:53.955+0000] {logging_mixin.py:190} INFO - [2025-01-31T10:08:53.955+0000] {dagbag.py:588} INFO - Filling up the DagBag from /opt/airflow/dags/hw_dag.py
[2025-01-31T10:08:54.666+0000] {logging_mixin.py:190} INFO - [2025-01-31T10:08:54.666+0000] {predict.py:81} INFO - Текущий рабочий каталог: /opt/airflow, Абсолютный путь: /opt/airflow
[2025-01-31T10:08:54.669+0000] {processor.py:925} INFO - DAG(s) 'model_pipeline' retrieved from /opt/airflow/dags/hw_dag.py
[2025-01-31T10:08:54.680+0000] {logging_mixin.py:190} INFO - [2025-01-31T10:08:54.679+0000] {dag.py:3239} INFO - Sync 1 DAGs
[2025-01-31T10:08:54.690+0000] {logging_mixin.py:190} INFO - [2025-01-31T10:08:54.690+0000] {dag.py:4180} INFO - Setting next_dagrun for model_pipeline to None, run_after=None
[2025-01-31T10:08:54.706+0000] {processor.py:208} INFO - Processing /opt/airflow/dags/hw_dag.py took 0.757 seconds
[2025-01-31T10:09:24.862+0000] {processor.py:186} INFO - Started process (PID=2870) to work on /opt/airflow/dags/hw_dag.py
[2025-01-31T10:09:24.863+0000] {processor.py:914} INFO - Processing file /opt/airflow/dags/hw_dag.py for tasks to queue
[2025-01-31T10:09:24.866+0000] {logging_mixin.py:190} INFO - [2025-01-31T10:09:24.865+0000] {dagbag.py:588} INFO - Filling up the DagBag from /opt/airflow/dags/hw_dag.py
[2025-01-31T10:09:25.899+0000] {logging_mixin.py:190} INFO - [2025-01-31T10:09:25.899+0000] {predict.py:81} INFO - Текущий рабочий каталог: /opt/airflow, Абсолютный путь: /opt/airflow
[2025-01-31T10:09:25.903+0000] {processor.py:925} INFO - DAG(s) 'model_pipeline' retrieved from /opt/airflow/dags/hw_dag.py
[2025-01-31T10:09:25.919+0000] {logging_mixin.py:190} INFO - [2025-01-31T10:09:25.919+0000] {dag.py:3239} INFO - Sync 1 DAGs
[2025-01-31T10:09:25.934+0000] {logging_mixin.py:190} INFO - [2025-01-31T10:09:25.934+0000] {dag.py:4180} INFO - Setting next_dagrun for model_pipeline to None, run_after=None
[2025-01-31T10:09:25.952+0000] {processor.py:208} INFO - Processing /opt/airflow/dags/hw_dag.py took 1.095 seconds
[2025-01-31T10:09:57.042+0000] {processor.py:186} INFO - Started process (PID=2952) to work on /opt/airflow/dags/hw_dag.py
[2025-01-31T10:09:57.043+0000] {processor.py:914} INFO - Processing file /opt/airflow/dags/hw_dag.py for tasks to queue
[2025-01-31T10:09:57.047+0000] {logging_mixin.py:190} INFO - [2025-01-31T10:09:57.046+0000] {dagbag.py:588} INFO - Filling up the DagBag from /opt/airflow/dags/hw_dag.py
[2025-01-31T10:09:57.888+0000] {logging_mixin.py:190} INFO - [2025-01-31T10:09:57.888+0000] {predict.py:81} INFO - Текущий рабочий каталог: /opt/airflow, Абсолютный путь: /opt/airflow
[2025-01-31T10:09:57.894+0000] {processor.py:925} INFO - DAG(s) 'model_pipeline' retrieved from /opt/airflow/dags/hw_dag.py
[2025-01-31T10:09:57.914+0000] {logging_mixin.py:190} INFO - [2025-01-31T10:09:57.914+0000] {dag.py:3239} INFO - Sync 1 DAGs
[2025-01-31T10:09:57.929+0000] {logging_mixin.py:190} INFO - [2025-01-31T10:09:57.929+0000] {dag.py:4180} INFO - Setting next_dagrun for model_pipeline to None, run_after=None
[2025-01-31T10:09:57.958+0000] {processor.py:208} INFO - Processing /opt/airflow/dags/hw_dag.py took 0.921 seconds
[2025-01-31T10:10:28.418+0000] {processor.py:186} INFO - Started process (PID=3035) to work on /opt/airflow/dags/hw_dag.py
[2025-01-31T10:10:28.419+0000] {processor.py:914} INFO - Processing file /opt/airflow/dags/hw_dag.py for tasks to queue
[2025-01-31T10:10:28.421+0000] {logging_mixin.py:190} INFO - [2025-01-31T10:10:28.421+0000] {dagbag.py:588} INFO - Filling up the DagBag from /opt/airflow/dags/hw_dag.py
[2025-01-31T10:10:29.236+0000] {logging_mixin.py:190} INFO - [2025-01-31T10:10:29.236+0000] {predict.py:81} INFO - Текущий рабочий каталог: /opt/airflow, Абсолютный путь: /opt/airflow
[2025-01-31T10:10:29.239+0000] {processor.py:925} INFO - DAG(s) 'model_pipeline' retrieved from /opt/airflow/dags/hw_dag.py
[2025-01-31T10:10:29.255+0000] {logging_mixin.py:190} INFO - [2025-01-31T10:10:29.254+0000] {dag.py:3239} INFO - Sync 1 DAGs
[2025-01-31T10:10:29.267+0000] {logging_mixin.py:190} INFO - [2025-01-31T10:10:29.266+0000] {dag.py:4180} INFO - Setting next_dagrun for model_pipeline to None, run_after=None
[2025-01-31T10:10:29.283+0000] {processor.py:208} INFO - Processing /opt/airflow/dags/hw_dag.py took 0.870 seconds
[2025-01-31T10:10:59.721+0000] {processor.py:186} INFO - Started process (PID=3113) to work on /opt/airflow/dags/hw_dag.py
[2025-01-31T10:10:59.772+0000] {processor.py:914} INFO - Processing file /opt/airflow/dags/hw_dag.py for tasks to queue
[2025-01-31T10:10:59.789+0000] {logging_mixin.py:190} INFO - [2025-01-31T10:10:59.789+0000] {dagbag.py:588} INFO - Filling up the DagBag from /opt/airflow/dags/hw_dag.py
[2025-01-31T10:11:00.623+0000] {logging_mixin.py:190} INFO - [2025-01-31T10:11:00.622+0000] {predict.py:81} INFO - Текущий рабочий каталог: /opt/airflow, Абсолютный путь: /opt/airflow
[2025-01-31T10:11:00.626+0000] {processor.py:925} INFO - DAG(s) 'model_pipeline' retrieved from /opt/airflow/dags/hw_dag.py
[2025-01-31T10:11:00.640+0000] {logging_mixin.py:190} INFO - [2025-01-31T10:11:00.639+0000] {dag.py:3239} INFO - Sync 1 DAGs
[2025-01-31T10:11:00.651+0000] {logging_mixin.py:190} INFO - [2025-01-31T10:11:00.650+0000] {dag.py:4180} INFO - Setting next_dagrun for model_pipeline to None, run_after=None
[2025-01-31T10:11:00.666+0000] {processor.py:208} INFO - Processing /opt/airflow/dags/hw_dag.py took 0.951 seconds
[2025-01-31T10:11:31.527+0000] {processor.py:186} INFO - Started process (PID=3194) to work on /opt/airflow/dags/hw_dag.py
[2025-01-31T10:11:31.528+0000] {processor.py:914} INFO - Processing file /opt/airflow/dags/hw_dag.py for tasks to queue
[2025-01-31T10:11:31.531+0000] {logging_mixin.py:190} INFO - [2025-01-31T10:11:31.530+0000] {dagbag.py:588} INFO - Filling up the DagBag from /opt/airflow/dags/hw_dag.py
[2025-01-31T10:11:32.573+0000] {logging_mixin.py:190} INFO - [2025-01-31T10:11:32.573+0000] {predict.py:81} INFO - Текущий рабочий каталог: /opt/airflow, Абсолютный путь: /opt/airflow
[2025-01-31T10:11:32.580+0000] {processor.py:925} INFO - DAG(s) 'model_pipeline' retrieved from /opt/airflow/dags/hw_dag.py
[2025-01-31T10:11:32.598+0000] {logging_mixin.py:190} INFO - [2025-01-31T10:11:32.598+0000] {dag.py:3239} INFO - Sync 1 DAGs
[2025-01-31T10:11:32.613+0000] {logging_mixin.py:190} INFO - [2025-01-31T10:11:32.613+0000] {dag.py:4180} INFO - Setting next_dagrun for model_pipeline to None, run_after=None
[2025-01-31T10:11:32.638+0000] {processor.py:208} INFO - Processing /opt/airflow/dags/hw_dag.py took 1.116 seconds
[2025-01-31T10:12:02.764+0000] {processor.py:186} INFO - Started process (PID=3276) to work on /opt/airflow/dags/hw_dag.py
[2025-01-31T10:12:02.766+0000] {processor.py:914} INFO - Processing file /opt/airflow/dags/hw_dag.py for tasks to queue
[2025-01-31T10:12:02.770+0000] {logging_mixin.py:190} INFO - [2025-01-31T10:12:02.770+0000] {dagbag.py:588} INFO - Filling up the DagBag from /opt/airflow/dags/hw_dag.py
[2025-01-31T10:12:03.808+0000] {logging_mixin.py:190} INFO - [2025-01-31T10:12:03.807+0000] {predict.py:81} INFO - Текущий рабочий каталог: /opt/airflow, Абсолютный путь: /opt/airflow
[2025-01-31T10:12:03.814+0000] {processor.py:925} INFO - DAG(s) 'model_pipeline' retrieved from /opt/airflow/dags/hw_dag.py
[2025-01-31T10:12:03.835+0000] {logging_mixin.py:190} INFO - [2025-01-31T10:12:03.835+0000] {dag.py:3239} INFO - Sync 1 DAGs
[2025-01-31T10:12:03.855+0000] {logging_mixin.py:190} INFO - [2025-01-31T10:12:03.855+0000] {dag.py:4180} INFO - Setting next_dagrun for model_pipeline to None, run_after=None
[2025-01-31T10:12:03.886+0000] {processor.py:208} INFO - Processing /opt/airflow/dags/hw_dag.py took 1.131 seconds
[2025-01-31T10:12:34.110+0000] {processor.py:186} INFO - Started process (PID=3357) to work on /opt/airflow/dags/hw_dag.py
[2025-01-31T10:12:34.111+0000] {processor.py:914} INFO - Processing file /opt/airflow/dags/hw_dag.py for tasks to queue
[2025-01-31T10:12:34.114+0000] {logging_mixin.py:190} INFO - [2025-01-31T10:12:34.113+0000] {dagbag.py:588} INFO - Filling up the DagBag from /opt/airflow/dags/hw_dag.py
[2025-01-31T10:12:35.072+0000] {logging_mixin.py:190} INFO - [2025-01-31T10:12:35.071+0000] {predict.py:81} INFO - Текущий рабочий каталог: /opt/airflow, Абсолютный путь: /opt/airflow
[2025-01-31T10:12:35.075+0000] {processor.py:925} INFO - DAG(s) 'model_pipeline' retrieved from /opt/airflow/dags/hw_dag.py
[2025-01-31T10:12:35.091+0000] {logging_mixin.py:190} INFO - [2025-01-31T10:12:35.090+0000] {dag.py:3239} INFO - Sync 1 DAGs
[2025-01-31T10:12:35.110+0000] {logging_mixin.py:190} INFO - [2025-01-31T10:12:35.109+0000] {dag.py:4180} INFO - Setting next_dagrun for model_pipeline to None, run_after=None
[2025-01-31T10:12:35.132+0000] {processor.py:208} INFO - Processing /opt/airflow/dags/hw_dag.py took 1.028 seconds
[2025-01-31T10:13:05.222+0000] {processor.py:186} INFO - Started process (PID=3436) to work on /opt/airflow/dags/hw_dag.py
[2025-01-31T10:13:05.224+0000] {processor.py:914} INFO - Processing file /opt/airflow/dags/hw_dag.py for tasks to queue
[2025-01-31T10:13:05.227+0000] {logging_mixin.py:190} INFO - [2025-01-31T10:13:05.226+0000] {dagbag.py:588} INFO - Filling up the DagBag from /opt/airflow/dags/hw_dag.py
[2025-01-31T10:13:06.174+0000] {logging_mixin.py:190} INFO - [2025-01-31T10:13:06.173+0000] {predict.py:81} INFO - Текущий рабочий каталог: /opt/airflow, Абсолютный путь: /opt/airflow
[2025-01-31T10:13:06.177+0000] {processor.py:925} INFO - DAG(s) 'model_pipeline' retrieved from /opt/airflow/dags/hw_dag.py
[2025-01-31T10:13:06.196+0000] {logging_mixin.py:190} INFO - [2025-01-31T10:13:06.195+0000] {dag.py:3239} INFO - Sync 1 DAGs
[2025-01-31T10:13:06.232+0000] {logging_mixin.py:190} INFO - [2025-01-31T10:13:06.232+0000] {dag.py:4180} INFO - Setting next_dagrun for model_pipeline to None, run_after=None
[2025-01-31T10:13:06.258+0000] {processor.py:208} INFO - Processing /opt/airflow/dags/hw_dag.py took 1.044 seconds
[2025-01-31T10:13:36.357+0000] {processor.py:186} INFO - Started process (PID=3523) to work on /opt/airflow/dags/hw_dag.py
[2025-01-31T10:13:36.359+0000] {processor.py:914} INFO - Processing file /opt/airflow/dags/hw_dag.py for tasks to queue
[2025-01-31T10:13:36.364+0000] {logging_mixin.py:190} INFO - [2025-01-31T10:13:36.363+0000] {dagbag.py:588} INFO - Filling up the DagBag from /opt/airflow/dags/hw_dag.py
[2025-01-31T10:13:37.610+0000] {logging_mixin.py:190} INFO - [2025-01-31T10:13:37.610+0000] {predict.py:81} INFO - Текущий рабочий каталог: /opt/airflow, Абсолютный путь: /opt/airflow
[2025-01-31T10:13:37.615+0000] {processor.py:925} INFO - DAG(s) 'model_pipeline' retrieved from /opt/airflow/dags/hw_dag.py
[2025-01-31T10:13:37.632+0000] {logging_mixin.py:190} INFO - [2025-01-31T10:13:37.632+0000] {dag.py:3239} INFO - Sync 1 DAGs
[2025-01-31T10:13:37.643+0000] {logging_mixin.py:190} INFO - [2025-01-31T10:13:37.643+0000] {dag.py:4180} INFO - Setting next_dagrun for model_pipeline to None, run_after=None
[2025-01-31T10:13:37.670+0000] {processor.py:208} INFO - Processing /opt/airflow/dags/hw_dag.py took 1.325 seconds
[2025-01-31T10:14:08.140+0000] {processor.py:186} INFO - Started process (PID=3601) to work on /opt/airflow/dags/hw_dag.py
[2025-01-31T10:14:08.143+0000] {processor.py:914} INFO - Processing file /opt/airflow/dags/hw_dag.py for tasks to queue
[2025-01-31T10:14:08.145+0000] {logging_mixin.py:190} INFO - [2025-01-31T10:14:08.145+0000] {dagbag.py:588} INFO - Filling up the DagBag from /opt/airflow/dags/hw_dag.py
[2025-01-31T10:14:09.219+0000] {logging_mixin.py:190} INFO - [2025-01-31T10:14:09.218+0000] {predict.py:81} INFO - Текущий рабочий каталог: /opt/airflow, Абсолютный путь: /opt/airflow
[2025-01-31T10:14:09.222+0000] {processor.py:925} INFO - DAG(s) 'model_pipeline' retrieved from /opt/airflow/dags/hw_dag.py
[2025-01-31T10:14:09.239+0000] {logging_mixin.py:190} INFO - [2025-01-31T10:14:09.239+0000] {dag.py:3239} INFO - Sync 1 DAGs
[2025-01-31T10:14:09.251+0000] {logging_mixin.py:190} INFO - [2025-01-31T10:14:09.251+0000] {dag.py:4180} INFO - Setting next_dagrun for model_pipeline to None, run_after=None
[2025-01-31T10:14:09.272+0000] {processor.py:208} INFO - Processing /opt/airflow/dags/hw_dag.py took 1.139 seconds
[2025-01-31T10:15:19.693+0000] {processor.py:186} INFO - Started process (PID=62) to work on /opt/airflow/dags/hw_dag.py
[2025-01-31T10:15:19.698+0000] {processor.py:914} INFO - Processing file /opt/airflow/dags/hw_dag.py for tasks to queue
[2025-01-31T10:15:19.705+0000] {logging_mixin.py:190} INFO - [2025-01-31T10:15:19.704+0000] {dagbag.py:588} INFO - Filling up the DagBag from /opt/airflow/dags/hw_dag.py
[2025-01-31T10:15:21.135+0000] {logging_mixin.py:190} INFO - [2025-01-31T10:15:21.135+0000] {predict.py:81} INFO - Текущий рабочий каталог: /opt/airflow, Абсолютный путь: /opt/airflow
[2025-01-31T10:15:21.141+0000] {processor.py:925} INFO - DAG(s) 'model_pipeline' retrieved from /opt/airflow/dags/hw_dag.py
[2025-01-31T10:15:21.165+0000] {logging_mixin.py:190} INFO - [2025-01-31T10:15:21.164+0000] {dag.py:3239} INFO - Sync 1 DAGs
[2025-01-31T10:15:21.176+0000] {logging_mixin.py:190} INFO - [2025-01-31T10:15:21.176+0000] {dag.py:4180} INFO - Setting next_dagrun for model_pipeline to None, run_after=None
[2025-01-31T10:15:21.195+0000] {processor.py:208} INFO - Processing /opt/airflow/dags/hw_dag.py took 1.517 seconds
[2025-01-31T10:15:51.264+0000] {processor.py:186} INFO - Started process (PID=142) to work on /opt/airflow/dags/hw_dag.py
[2025-01-31T10:15:51.266+0000] {processor.py:914} INFO - Processing file /opt/airflow/dags/hw_dag.py for tasks to queue
[2025-01-31T10:15:51.268+0000] {logging_mixin.py:190} INFO - [2025-01-31T10:15:51.267+0000] {dagbag.py:588} INFO - Filling up the DagBag from /opt/airflow/dags/hw_dag.py
[2025-01-31T10:15:53.134+0000] {logging_mixin.py:190} INFO - [2025-01-31T10:15:53.134+0000] {predict.py:81} INFO - Текущий рабочий каталог: /opt/airflow, Абсолютный путь: /opt/airflow
[2025-01-31T10:15:53.140+0000] {processor.py:925} INFO - DAG(s) 'model_pipeline' retrieved from /opt/airflow/dags/hw_dag.py
[2025-01-31T10:15:53.166+0000] {logging_mixin.py:190} INFO - [2025-01-31T10:15:53.166+0000] {dag.py:3239} INFO - Sync 1 DAGs
[2025-01-31T10:15:53.195+0000] {logging_mixin.py:190} INFO - [2025-01-31T10:15:53.195+0000] {dag.py:4180} INFO - Setting next_dagrun for model_pipeline to None, run_after=None
[2025-01-31T10:15:53.221+0000] {processor.py:208} INFO - Processing /opt/airflow/dags/hw_dag.py took 1.962 seconds
[2025-01-31T10:16:23.847+0000] {processor.py:186} INFO - Started process (PID=231) to work on /opt/airflow/dags/hw_dag.py
[2025-01-31T10:16:23.848+0000] {processor.py:914} INFO - Processing file /opt/airflow/dags/hw_dag.py for tasks to queue
[2025-01-31T10:16:23.851+0000] {logging_mixin.py:190} INFO - [2025-01-31T10:16:23.850+0000] {dagbag.py:588} INFO - Filling up the DagBag from /opt/airflow/dags/hw_dag.py
[2025-01-31T10:16:24.752+0000] {logging_mixin.py:190} INFO - [2025-01-31T10:16:24.751+0000] {predict.py:81} INFO - Текущий рабочий каталог: /opt/airflow, Абсолютный путь: /opt/airflow
[2025-01-31T10:16:24.755+0000] {processor.py:925} INFO - DAG(s) 'model_pipeline' retrieved from /opt/airflow/dags/hw_dag.py
[2025-01-31T10:16:24.771+0000] {logging_mixin.py:190} INFO - [2025-01-31T10:16:24.770+0000] {dag.py:3239} INFO - Sync 1 DAGs
[2025-01-31T10:16:24.787+0000] {logging_mixin.py:190} INFO - [2025-01-31T10:16:24.787+0000] {dag.py:4180} INFO - Setting next_dagrun for model_pipeline to None, run_after=None
[2025-01-31T10:16:24.808+0000] {processor.py:208} INFO - Processing /opt/airflow/dags/hw_dag.py took 0.969 seconds
[2025-01-31T10:16:55.122+0000] {processor.py:186} INFO - Started process (PID=310) to work on /opt/airflow/dags/hw_dag.py
[2025-01-31T10:16:55.123+0000] {processor.py:914} INFO - Processing file /opt/airflow/dags/hw_dag.py for tasks to queue
[2025-01-31T10:16:55.126+0000] {logging_mixin.py:190} INFO - [2025-01-31T10:16:55.126+0000] {dagbag.py:588} INFO - Filling up the DagBag from /opt/airflow/dags/hw_dag.py
[2025-01-31T10:16:56.131+0000] {logging_mixin.py:190} INFO - [2025-01-31T10:16:56.131+0000] {predict.py:81} INFO - Текущий рабочий каталог: /opt/airflow, Абсолютный путь: /opt/airflow
[2025-01-31T10:16:56.136+0000] {processor.py:925} INFO - DAG(s) 'model_pipeline' retrieved from /opt/airflow/dags/hw_dag.py
[2025-01-31T10:16:56.156+0000] {logging_mixin.py:190} INFO - [2025-01-31T10:16:56.155+0000] {dag.py:3239} INFO - Sync 1 DAGs
[2025-01-31T10:16:56.181+0000] {logging_mixin.py:190} INFO - [2025-01-31T10:16:56.181+0000] {dag.py:4180} INFO - Setting next_dagrun for model_pipeline to None, run_after=None
[2025-01-31T10:16:56.221+0000] {processor.py:208} INFO - Processing /opt/airflow/dags/hw_dag.py took 1.106 seconds
[2025-01-31T10:17:27.131+0000] {processor.py:186} INFO - Started process (PID=394) to work on /opt/airflow/dags/hw_dag.py
[2025-01-31T10:17:27.132+0000] {processor.py:914} INFO - Processing file /opt/airflow/dags/hw_dag.py for tasks to queue
[2025-01-31T10:17:27.135+0000] {logging_mixin.py:190} INFO - [2025-01-31T10:17:27.135+0000] {dagbag.py:588} INFO - Filling up the DagBag from /opt/airflow/dags/hw_dag.py
[2025-01-31T10:17:27.949+0000] {logging_mixin.py:190} INFO - [2025-01-31T10:17:27.949+0000] {predict.py:81} INFO - Текущий рабочий каталог: /opt/airflow, Абсолютный путь: /opt/airflow
[2025-01-31T10:17:27.953+0000] {processor.py:925} INFO - DAG(s) 'model_pipeline' retrieved from /opt/airflow/dags/hw_dag.py
[2025-01-31T10:17:27.988+0000] {logging_mixin.py:190} INFO - [2025-01-31T10:17:27.988+0000] {dag.py:3239} INFO - Sync 1 DAGs
[2025-01-31T10:17:28.001+0000] {logging_mixin.py:190} INFO - [2025-01-31T10:17:28.001+0000] {dag.py:4180} INFO - Setting next_dagrun for model_pipeline to None, run_after=None
[2025-01-31T10:17:28.018+0000] {processor.py:208} INFO - Processing /opt/airflow/dags/hw_dag.py took 0.893 seconds
[2025-01-31T10:17:58.234+0000] {processor.py:186} INFO - Started process (PID=475) to work on /opt/airflow/dags/hw_dag.py
[2025-01-31T10:17:58.236+0000] {processor.py:914} INFO - Processing file /opt/airflow/dags/hw_dag.py for tasks to queue
[2025-01-31T10:17:58.238+0000] {logging_mixin.py:190} INFO - [2025-01-31T10:17:58.238+0000] {dagbag.py:588} INFO - Filling up the DagBag from /opt/airflow/dags/hw_dag.py
[2025-01-31T10:17:59.120+0000] {logging_mixin.py:190} INFO - [2025-01-31T10:17:59.119+0000] {predict.py:81} INFO - Текущий рабочий каталог: /opt/airflow, Абсолютный путь: /opt/airflow
[2025-01-31T10:17:59.123+0000] {processor.py:925} INFO - DAG(s) 'model_pipeline' retrieved from /opt/airflow/dags/hw_dag.py
[2025-01-31T10:17:59.138+0000] {logging_mixin.py:190} INFO - [2025-01-31T10:17:59.137+0000] {dag.py:3239} INFO - Sync 1 DAGs
[2025-01-31T10:17:59.150+0000] {logging_mixin.py:190} INFO - [2025-01-31T10:17:59.150+0000] {dag.py:4180} INFO - Setting next_dagrun for model_pipeline to None, run_after=None
[2025-01-31T10:17:59.168+0000] {processor.py:208} INFO - Processing /opt/airflow/dags/hw_dag.py took 0.940 seconds
[2025-01-31T10:18:29.500+0000] {processor.py:186} INFO - Started process (PID=553) to work on /opt/airflow/dags/hw_dag.py
[2025-01-31T10:18:29.501+0000] {processor.py:914} INFO - Processing file /opt/airflow/dags/hw_dag.py for tasks to queue
[2025-01-31T10:18:29.504+0000] {logging_mixin.py:190} INFO - [2025-01-31T10:18:29.503+0000] {dagbag.py:588} INFO - Filling up the DagBag from /opt/airflow/dags/hw_dag.py
[2025-01-31T10:18:30.645+0000] {logging_mixin.py:190} INFO - [2025-01-31T10:18:30.644+0000] {predict.py:81} INFO - Текущий рабочий каталог: /opt/airflow, Абсолютный путь: /opt/airflow
[2025-01-31T10:18:30.655+0000] {processor.py:925} INFO - DAG(s) 'model_pipeline' retrieved from /opt/airflow/dags/hw_dag.py
[2025-01-31T10:18:30.686+0000] {logging_mixin.py:190} INFO - [2025-01-31T10:18:30.686+0000] {dag.py:3239} INFO - Sync 1 DAGs
[2025-01-31T10:18:30.713+0000] {logging_mixin.py:190} INFO - [2025-01-31T10:18:30.712+0000] {dag.py:4180} INFO - Setting next_dagrun for model_pipeline to None, run_after=None
[2025-01-31T10:18:30.861+0000] {processor.py:208} INFO - Processing /opt/airflow/dags/hw_dag.py took 1.367 seconds
[2025-01-31T10:19:02.040+0000] {processor.py:186} INFO - Started process (PID=637) to work on /opt/airflow/dags/hw_dag.py
[2025-01-31T10:19:02.041+0000] {processor.py:914} INFO - Processing file /opt/airflow/dags/hw_dag.py for tasks to queue
[2025-01-31T10:19:02.044+0000] {logging_mixin.py:190} INFO - [2025-01-31T10:19:02.043+0000] {dagbag.py:588} INFO - Filling up the DagBag from /opt/airflow/dags/hw_dag.py
[2025-01-31T10:19:04.168+0000] {logging_mixin.py:190} INFO - [2025-01-31T10:19:04.168+0000] {predict.py:81} INFO - Текущий рабочий каталог: /opt/airflow, Абсолютный путь: /opt/airflow
[2025-01-31T10:19:04.171+0000] {processor.py:925} INFO - DAG(s) 'model_pipeline' retrieved from /opt/airflow/dags/hw_dag.py
[2025-01-31T10:19:04.185+0000] {logging_mixin.py:190} INFO - [2025-01-31T10:19:04.185+0000] {dag.py:3239} INFO - Sync 1 DAGs
[2025-01-31T10:19:04.609+0000] {logging_mixin.py:190} INFO - [2025-01-31T10:19:04.609+0000] {dag.py:4180} INFO - Setting next_dagrun for model_pipeline to None, run_after=None
[2025-01-31T10:19:04.923+0000] {processor.py:208} INFO - Processing /opt/airflow/dags/hw_dag.py took 2.888 seconds
[2025-01-31T10:19:35.523+0000] {processor.py:186} INFO - Started process (PID=719) to work on /opt/airflow/dags/hw_dag.py
[2025-01-31T10:19:35.528+0000] {processor.py:914} INFO - Processing file /opt/airflow/dags/hw_dag.py for tasks to queue
[2025-01-31T10:19:35.532+0000] {logging_mixin.py:190} INFO - [2025-01-31T10:19:35.532+0000] {dagbag.py:588} INFO - Filling up the DagBag from /opt/airflow/dags/hw_dag.py
[2025-01-31T10:19:36.647+0000] {logging_mixin.py:190} INFO - [2025-01-31T10:19:36.647+0000] {predict.py:81} INFO - Текущий рабочий каталог: /opt/airflow, Абсолютный путь: /opt/airflow
[2025-01-31T10:19:36.652+0000] {processor.py:925} INFO - DAG(s) 'model_pipeline' retrieved from /opt/airflow/dags/hw_dag.py
[2025-01-31T10:19:36.669+0000] {logging_mixin.py:190} INFO - [2025-01-31T10:19:36.668+0000] {dag.py:3239} INFO - Sync 1 DAGs
[2025-01-31T10:19:36.683+0000] {logging_mixin.py:190} INFO - [2025-01-31T10:19:36.683+0000] {dag.py:4180} INFO - Setting next_dagrun for model_pipeline to None, run_after=None
[2025-01-31T10:19:36.722+0000] {processor.py:208} INFO - Processing /opt/airflow/dags/hw_dag.py took 1.205 seconds
[2025-01-31T10:20:06.892+0000] {processor.py:186} INFO - Started process (PID=802) to work on /opt/airflow/dags/hw_dag.py
[2025-01-31T10:20:06.893+0000] {processor.py:914} INFO - Processing file /opt/airflow/dags/hw_dag.py for tasks to queue
[2025-01-31T10:20:06.895+0000] {logging_mixin.py:190} INFO - [2025-01-31T10:20:06.895+0000] {dagbag.py:588} INFO - Filling up the DagBag from /opt/airflow/dags/hw_dag.py
[2025-01-31T10:20:07.843+0000] {logging_mixin.py:190} INFO - [2025-01-31T10:20:07.843+0000] {predict.py:81} INFO - Текущий рабочий каталог: /opt/airflow, Абсолютный путь: /opt/airflow
[2025-01-31T10:20:07.846+0000] {processor.py:925} INFO - DAG(s) 'model_pipeline' retrieved from /opt/airflow/dags/hw_dag.py
[2025-01-31T10:20:07.862+0000] {logging_mixin.py:190} INFO - [2025-01-31T10:20:07.862+0000] {dag.py:3239} INFO - Sync 1 DAGs
[2025-01-31T10:20:07.874+0000] {logging_mixin.py:190} INFO - [2025-01-31T10:20:07.874+0000] {dag.py:4180} INFO - Setting next_dagrun for model_pipeline to None, run_after=None
[2025-01-31T10:20:07.900+0000] {processor.py:208} INFO - Processing /opt/airflow/dags/hw_dag.py took 1.016 seconds
[2025-01-31T10:20:38.038+0000] {processor.py:186} INFO - Started process (PID=881) to work on /opt/airflow/dags/hw_dag.py
[2025-01-31T10:20:38.039+0000] {processor.py:914} INFO - Processing file /opt/airflow/dags/hw_dag.py for tasks to queue
[2025-01-31T10:20:38.041+0000] {logging_mixin.py:190} INFO - [2025-01-31T10:20:38.041+0000] {dagbag.py:588} INFO - Filling up the DagBag from /opt/airflow/dags/hw_dag.py
[2025-01-31T10:20:38.785+0000] {logging_mixin.py:190} INFO - [2025-01-31T10:20:38.784+0000] {predict.py:81} INFO - Текущий рабочий каталог: /opt/airflow, Абсолютный путь: /opt/airflow
[2025-01-31T10:20:38.788+0000] {processor.py:925} INFO - DAG(s) 'model_pipeline' retrieved from /opt/airflow/dags/hw_dag.py
[2025-01-31T10:20:38.800+0000] {logging_mixin.py:190} INFO - [2025-01-31T10:20:38.800+0000] {dag.py:3239} INFO - Sync 1 DAGs
[2025-01-31T10:20:38.810+0000] {logging_mixin.py:190} INFO - [2025-01-31T10:20:38.810+0000] {dag.py:4180} INFO - Setting next_dagrun for model_pipeline to None, run_after=None
[2025-01-31T10:20:38.824+0000] {processor.py:208} INFO - Processing /opt/airflow/dags/hw_dag.py took 0.791 seconds
[2025-01-31T10:21:08.940+0000] {processor.py:186} INFO - Started process (PID=963) to work on /opt/airflow/dags/hw_dag.py
[2025-01-31T10:21:08.941+0000] {processor.py:914} INFO - Processing file /opt/airflow/dags/hw_dag.py for tasks to queue
[2025-01-31T10:21:08.943+0000] {logging_mixin.py:190} INFO - [2025-01-31T10:21:08.943+0000] {dagbag.py:588} INFO - Filling up the DagBag from /opt/airflow/dags/hw_dag.py
[2025-01-31T10:21:09.812+0000] {logging_mixin.py:190} INFO - [2025-01-31T10:21:09.812+0000] {predict.py:81} INFO - Текущий рабочий каталог: /opt/airflow, Абсолютный путь: /opt/airflow
[2025-01-31T10:21:09.815+0000] {processor.py:925} INFO - DAG(s) 'model_pipeline' retrieved from /opt/airflow/dags/hw_dag.py
[2025-01-31T10:21:09.827+0000] {logging_mixin.py:190} INFO - [2025-01-31T10:21:09.827+0000] {dag.py:3239} INFO - Sync 1 DAGs
[2025-01-31T10:21:09.838+0000] {logging_mixin.py:190} INFO - [2025-01-31T10:21:09.838+0000] {dag.py:4180} INFO - Setting next_dagrun for model_pipeline to None, run_after=None
[2025-01-31T10:21:09.857+0000] {processor.py:208} INFO - Processing /opt/airflow/dags/hw_dag.py took 0.922 seconds
[2025-01-31T10:21:40.038+0000] {processor.py:186} INFO - Started process (PID=1045) to work on /opt/airflow/dags/hw_dag.py
[2025-01-31T10:21:40.038+0000] {processor.py:914} INFO - Processing file /opt/airflow/dags/hw_dag.py for tasks to queue
[2025-01-31T10:21:40.041+0000] {logging_mixin.py:190} INFO - [2025-01-31T10:21:40.040+0000] {dagbag.py:588} INFO - Filling up the DagBag from /opt/airflow/dags/hw_dag.py
[2025-01-31T10:21:40.796+0000] {logging_mixin.py:190} INFO - [2025-01-31T10:21:40.796+0000] {predict.py:81} INFO - Текущий рабочий каталог: /opt/airflow, Абсолютный путь: /opt/airflow
[2025-01-31T10:21:40.800+0000] {processor.py:925} INFO - DAG(s) 'model_pipeline' retrieved from /opt/airflow/dags/hw_dag.py
[2025-01-31T10:21:40.814+0000] {logging_mixin.py:190} INFO - [2025-01-31T10:21:40.813+0000] {dag.py:3239} INFO - Sync 1 DAGs
[2025-01-31T10:21:40.832+0000] {logging_mixin.py:190} INFO - [2025-01-31T10:21:40.831+0000] {dag.py:4180} INFO - Setting next_dagrun for model_pipeline to None, run_after=None
[2025-01-31T10:21:40.911+0000] {processor.py:208} INFO - Processing /opt/airflow/dags/hw_dag.py took 0.878 seconds
[2025-01-31T10:22:11.517+0000] {processor.py:186} INFO - Started process (PID=1126) to work on /opt/airflow/dags/hw_dag.py
[2025-01-31T10:22:11.519+0000] {processor.py:914} INFO - Processing file /opt/airflow/dags/hw_dag.py for tasks to queue
[2025-01-31T10:22:11.521+0000] {logging_mixin.py:190} INFO - [2025-01-31T10:22:11.521+0000] {dagbag.py:588} INFO - Filling up the DagBag from /opt/airflow/dags/hw_dag.py
[2025-01-31T10:22:12.406+0000] {logging_mixin.py:190} INFO - [2025-01-31T10:22:12.406+0000] {predict.py:81} INFO - Текущий рабочий каталог: /opt/airflow, Абсолютный путь: /opt/airflow
[2025-01-31T10:22:12.410+0000] {processor.py:925} INFO - DAG(s) 'model_pipeline' retrieved from /opt/airflow/dags/hw_dag.py
[2025-01-31T10:22:12.424+0000] {logging_mixin.py:190} INFO - [2025-01-31T10:22:12.424+0000] {dag.py:3239} INFO - Sync 1 DAGs
[2025-01-31T10:22:12.461+0000] {logging_mixin.py:190} INFO - [2025-01-31T10:22:12.461+0000] {dag.py:4180} INFO - Setting next_dagrun for model_pipeline to None, run_after=None
[2025-01-31T10:22:12.483+0000] {processor.py:208} INFO - Processing /opt/airflow/dags/hw_dag.py took 0.974 seconds
[2025-01-31T10:22:42.872+0000] {processor.py:186} INFO - Started process (PID=1211) to work on /opt/airflow/dags/hw_dag.py
[2025-01-31T10:22:42.873+0000] {processor.py:914} INFO - Processing file /opt/airflow/dags/hw_dag.py for tasks to queue
[2025-01-31T10:22:42.876+0000] {logging_mixin.py:190} INFO - [2025-01-31T10:22:42.875+0000] {dagbag.py:588} INFO - Filling up the DagBag from /opt/airflow/dags/hw_dag.py
[2025-01-31T10:22:43.988+0000] {logging_mixin.py:190} INFO - [2025-01-31T10:22:43.988+0000] {predict.py:81} INFO - Текущий рабочий каталог: /opt/airflow, Абсолютный путь: /opt/airflow
[2025-01-31T10:22:43.991+0000] {processor.py:925} INFO - DAG(s) 'model_pipeline' retrieved from /opt/airflow/dags/hw_dag.py
[2025-01-31T10:22:44.005+0000] {logging_mixin.py:190} INFO - [2025-01-31T10:22:44.005+0000] {dag.py:3239} INFO - Sync 1 DAGs
[2025-01-31T10:22:44.050+0000] {logging_mixin.py:190} INFO - [2025-01-31T10:22:44.050+0000] {dag.py:4180} INFO - Setting next_dagrun for model_pipeline to None, run_after=None
[2025-01-31T10:22:44.071+0000] {processor.py:208} INFO - Processing /opt/airflow/dags/hw_dag.py took 1.204 seconds
[2025-01-31T10:23:14.384+0000] {processor.py:186} INFO - Started process (PID=1290) to work on /opt/airflow/dags/hw_dag.py
[2025-01-31T10:23:14.385+0000] {processor.py:914} INFO - Processing file /opt/airflow/dags/hw_dag.py for tasks to queue
[2025-01-31T10:23:14.387+0000] {logging_mixin.py:190} INFO - [2025-01-31T10:23:14.387+0000] {dagbag.py:588} INFO - Filling up the DagBag from /opt/airflow/dags/hw_dag.py
[2025-01-31T10:23:15.473+0000] {logging_mixin.py:190} INFO - [2025-01-31T10:23:15.473+0000] {predict.py:81} INFO - Текущий рабочий каталог: /opt/airflow, Абсолютный путь: /opt/airflow
[2025-01-31T10:23:15.479+0000] {processor.py:925} INFO - DAG(s) 'model_pipeline' retrieved from /opt/airflow/dags/hw_dag.py
[2025-01-31T10:23:15.503+0000] {logging_mixin.py:190} INFO - [2025-01-31T10:23:15.502+0000] {dag.py:3239} INFO - Sync 1 DAGs
[2025-01-31T10:23:15.523+0000] {logging_mixin.py:190} INFO - [2025-01-31T10:23:15.522+0000] {dag.py:4180} INFO - Setting next_dagrun for model_pipeline to None, run_after=None
[2025-01-31T10:23:15.552+0000] {processor.py:208} INFO - Processing /opt/airflow/dags/hw_dag.py took 1.174 seconds
[2025-01-31T10:23:45.967+0000] {processor.py:186} INFO - Started process (PID=1372) to work on /opt/airflow/dags/hw_dag.py
[2025-01-31T10:23:45.969+0000] {processor.py:914} INFO - Processing file /opt/airflow/dags/hw_dag.py for tasks to queue
[2025-01-31T10:23:45.971+0000] {logging_mixin.py:190} INFO - [2025-01-31T10:23:45.971+0000] {dagbag.py:588} INFO - Filling up the DagBag from /opt/airflow/dags/hw_dag.py
[2025-01-31T10:23:47.047+0000] {logging_mixin.py:190} INFO - [2025-01-31T10:23:47.047+0000] {predict.py:81} INFO - Текущий рабочий каталог: /opt/airflow, Абсолютный путь: /opt/airflow
[2025-01-31T10:23:47.055+0000] {processor.py:925} INFO - DAG(s) 'model_pipeline' retrieved from /opt/airflow/dags/hw_dag.py
[2025-01-31T10:23:47.075+0000] {logging_mixin.py:190} INFO - [2025-01-31T10:23:47.072+0000] {dag.py:3239} INFO - Sync 1 DAGs
[2025-01-31T10:23:47.086+0000] {logging_mixin.py:190} INFO - [2025-01-31T10:23:47.085+0000] {dag.py:4180} INFO - Setting next_dagrun for model_pipeline to None, run_after=None
[2025-01-31T10:23:47.103+0000] {processor.py:208} INFO - Processing /opt/airflow/dags/hw_dag.py took 1.143 seconds
[2025-01-31T10:24:17.194+0000] {processor.py:186} INFO - Started process (PID=1451) to work on /opt/airflow/dags/hw_dag.py
[2025-01-31T10:24:17.195+0000] {processor.py:914} INFO - Processing file /opt/airflow/dags/hw_dag.py for tasks to queue
[2025-01-31T10:24:17.197+0000] {logging_mixin.py:190} INFO - [2025-01-31T10:24:17.197+0000] {dagbag.py:588} INFO - Filling up the DagBag from /opt/airflow/dags/hw_dag.py
[2025-01-31T10:24:18.372+0000] {logging_mixin.py:190} INFO - [2025-01-31T10:24:18.371+0000] {predict.py:81} INFO - Текущий рабочий каталог: /opt/airflow, Абсолютный путь: /opt/airflow
[2025-01-31T10:24:18.382+0000] {processor.py:925} INFO - DAG(s) 'model_pipeline' retrieved from /opt/airflow/dags/hw_dag.py
[2025-01-31T10:24:18.427+0000] {logging_mixin.py:190} INFO - [2025-01-31T10:24:18.426+0000] {dag.py:3239} INFO - Sync 1 DAGs
[2025-01-31T10:24:18.488+0000] {logging_mixin.py:190} INFO - [2025-01-31T10:24:18.487+0000] {dag.py:4180} INFO - Setting next_dagrun for model_pipeline to None, run_after=None
[2025-01-31T10:24:18.529+0000] {processor.py:208} INFO - Processing /opt/airflow/dags/hw_dag.py took 1.341 seconds
[2025-01-31T10:24:48.622+0000] {processor.py:186} INFO - Started process (PID=1529) to work on /opt/airflow/dags/hw_dag.py
[2025-01-31T10:24:48.623+0000] {processor.py:914} INFO - Processing file /opt/airflow/dags/hw_dag.py for tasks to queue
[2025-01-31T10:24:48.628+0000] {logging_mixin.py:190} INFO - [2025-01-31T10:24:48.627+0000] {dagbag.py:588} INFO - Filling up the DagBag from /opt/airflow/dags/hw_dag.py
[2025-01-31T10:24:49.609+0000] {logging_mixin.py:190} INFO - [2025-01-31T10:24:49.609+0000] {predict.py:81} INFO - Текущий рабочий каталог: /opt/airflow, Абсолютный путь: /opt/airflow
[2025-01-31T10:24:49.613+0000] {processor.py:925} INFO - DAG(s) 'model_pipeline' retrieved from /opt/airflow/dags/hw_dag.py
[2025-01-31T10:24:49.639+0000] {logging_mixin.py:190} INFO - [2025-01-31T10:24:49.638+0000] {dag.py:3239} INFO - Sync 1 DAGs
[2025-01-31T10:24:49.653+0000] {logging_mixin.py:190} INFO - [2025-01-31T10:24:49.653+0000] {dag.py:4180} INFO - Setting next_dagrun for model_pipeline to None, run_after=None
[2025-01-31T10:24:49.674+0000] {processor.py:208} INFO - Processing /opt/airflow/dags/hw_dag.py took 1.061 seconds
[2025-01-31T10:25:20.118+0000] {processor.py:186} INFO - Started process (PID=1607) to work on /opt/airflow/dags/hw_dag.py
[2025-01-31T10:25:20.120+0000] {processor.py:914} INFO - Processing file /opt/airflow/dags/hw_dag.py for tasks to queue
[2025-01-31T10:25:20.124+0000] {logging_mixin.py:190} INFO - [2025-01-31T10:25:20.124+0000] {dagbag.py:588} INFO - Filling up the DagBag from /opt/airflow/dags/hw_dag.py
[2025-01-31T10:25:21.164+0000] {logging_mixin.py:190} INFO - [2025-01-31T10:25:21.164+0000] {predict.py:81} INFO - Текущий рабочий каталог: /opt/airflow, Абсолютный путь: /opt/airflow
[2025-01-31T10:25:21.171+0000] {processor.py:925} INFO - DAG(s) 'model_pipeline' retrieved from /opt/airflow/dags/hw_dag.py
[2025-01-31T10:25:21.195+0000] {logging_mixin.py:190} INFO - [2025-01-31T10:25:21.194+0000] {dag.py:3239} INFO - Sync 1 DAGs
[2025-01-31T10:25:21.213+0000] {logging_mixin.py:190} INFO - [2025-01-31T10:25:21.213+0000] {dag.py:4180} INFO - Setting next_dagrun for model_pipeline to None, run_after=None
[2025-01-31T10:25:21.241+0000] {processor.py:208} INFO - Processing /opt/airflow/dags/hw_dag.py took 1.129 seconds
[2025-01-31T10:25:51.564+0000] {processor.py:186} INFO - Started process (PID=1685) to work on /opt/airflow/dags/hw_dag.py
[2025-01-31T10:25:51.565+0000] {processor.py:914} INFO - Processing file /opt/airflow/dags/hw_dag.py for tasks to queue
[2025-01-31T10:25:51.567+0000] {logging_mixin.py:190} INFO - [2025-01-31T10:25:51.567+0000] {dagbag.py:588} INFO - Filling up the DagBag from /opt/airflow/dags/hw_dag.py
[2025-01-31T10:25:52.585+0000] {logging_mixin.py:190} INFO - [2025-01-31T10:25:52.585+0000] {predict.py:81} INFO - Текущий рабочий каталог: /opt/airflow, Абсолютный путь: /opt/airflow
[2025-01-31T10:25:52.589+0000] {processor.py:925} INFO - DAG(s) 'model_pipeline' retrieved from /opt/airflow/dags/hw_dag.py
[2025-01-31T10:25:52.602+0000] {logging_mixin.py:190} INFO - [2025-01-31T10:25:52.601+0000] {dag.py:3239} INFO - Sync 1 DAGs
[2025-01-31T10:25:52.616+0000] {logging_mixin.py:190} INFO - [2025-01-31T10:25:52.615+0000] {dag.py:4180} INFO - Setting next_dagrun for model_pipeline to None, run_after=None
[2025-01-31T10:25:52.635+0000] {processor.py:208} INFO - Processing /opt/airflow/dags/hw_dag.py took 1.076 seconds
[2025-01-31T10:26:22.782+0000] {processor.py:186} INFO - Started process (PID=1763) to work on /opt/airflow/dags/hw_dag.py
[2025-01-31T10:26:22.789+0000] {processor.py:914} INFO - Processing file /opt/airflow/dags/hw_dag.py for tasks to queue
[2025-01-31T10:26:22.797+0000] {logging_mixin.py:190} INFO - [2025-01-31T10:26:22.797+0000] {dagbag.py:588} INFO - Filling up the DagBag from /opt/airflow/dags/hw_dag.py
[2025-01-31T10:26:24.624+0000] {logging_mixin.py:190} INFO - [2025-01-31T10:26:24.624+0000] {predict.py:81} INFO - Текущий рабочий каталог: /opt/airflow, Абсолютный путь: /opt/airflow
[2025-01-31T10:26:24.628+0000] {processor.py:925} INFO - DAG(s) 'model_pipeline' retrieved from /opt/airflow/dags/hw_dag.py
[2025-01-31T10:26:24.646+0000] {logging_mixin.py:190} INFO - [2025-01-31T10:26:24.645+0000] {dag.py:3239} INFO - Sync 1 DAGs
[2025-01-31T10:26:24.685+0000] {logging_mixin.py:190} INFO - [2025-01-31T10:26:24.684+0000] {dag.py:4180} INFO - Setting next_dagrun for model_pipeline to None, run_after=None
[2025-01-31T10:26:24.710+0000] {processor.py:208} INFO - Processing /opt/airflow/dags/hw_dag.py took 1.933 seconds
[2025-01-31T10:26:55.544+0000] {processor.py:186} INFO - Started process (PID=1847) to work on /opt/airflow/dags/hw_dag.py
[2025-01-31T10:26:55.545+0000] {processor.py:914} INFO - Processing file /opt/airflow/dags/hw_dag.py for tasks to queue
[2025-01-31T10:26:55.547+0000] {logging_mixin.py:190} INFO - [2025-01-31T10:26:55.547+0000] {dagbag.py:588} INFO - Filling up the DagBag from /opt/airflow/dags/hw_dag.py
[2025-01-31T10:26:56.416+0000] {logging_mixin.py:190} INFO - [2025-01-31T10:26:56.415+0000] {predict.py:81} INFO - Текущий рабочий каталог: /opt/airflow, Абсолютный путь: /opt/airflow
[2025-01-31T10:26:56.419+0000] {processor.py:925} INFO - DAG(s) 'model_pipeline' retrieved from /opt/airflow/dags/hw_dag.py
[2025-01-31T10:26:56.433+0000] {logging_mixin.py:190} INFO - [2025-01-31T10:26:56.432+0000] {dag.py:3239} INFO - Sync 1 DAGs
[2025-01-31T10:26:56.443+0000] {logging_mixin.py:190} INFO - [2025-01-31T10:26:56.443+0000] {dag.py:4180} INFO - Setting next_dagrun for model_pipeline to None, run_after=None
[2025-01-31T10:26:56.459+0000] {processor.py:208} INFO - Processing /opt/airflow/dags/hw_dag.py took 0.920 seconds
[2025-01-31T10:27:26.940+0000] {processor.py:186} INFO - Started process (PID=1925) to work on /opt/airflow/dags/hw_dag.py
[2025-01-31T10:27:26.941+0000] {processor.py:914} INFO - Processing file /opt/airflow/dags/hw_dag.py for tasks to queue
[2025-01-31T10:27:26.943+0000] {logging_mixin.py:190} INFO - [2025-01-31T10:27:26.943+0000] {dagbag.py:588} INFO - Filling up the DagBag from /opt/airflow/dags/hw_dag.py
[2025-01-31T10:27:27.901+0000] {logging_mixin.py:190} INFO - [2025-01-31T10:27:27.901+0000] {predict.py:81} INFO - Текущий рабочий каталог: /opt/airflow, Абсолютный путь: /opt/airflow
[2025-01-31T10:27:27.905+0000] {processor.py:925} INFO - DAG(s) 'model_pipeline' retrieved from /opt/airflow/dags/hw_dag.py
[2025-01-31T10:27:27.918+0000] {logging_mixin.py:190} INFO - [2025-01-31T10:27:27.918+0000] {dag.py:3239} INFO - Sync 1 DAGs
[2025-01-31T10:27:27.931+0000] {logging_mixin.py:190} INFO - [2025-01-31T10:27:27.931+0000] {dag.py:4180} INFO - Setting next_dagrun for model_pipeline to None, run_after=None
[2025-01-31T10:27:27.949+0000] {processor.py:208} INFO - Processing /opt/airflow/dags/hw_dag.py took 1.015 seconds
[2025-01-31T10:27:58.805+0000] {processor.py:186} INFO - Started process (PID=2003) to work on /opt/airflow/dags/hw_dag.py
[2025-01-31T10:27:58.806+0000] {processor.py:914} INFO - Processing file /opt/airflow/dags/hw_dag.py for tasks to queue
[2025-01-31T10:27:58.810+0000] {logging_mixin.py:190} INFO - [2025-01-31T10:27:58.809+0000] {dagbag.py:588} INFO - Filling up the DagBag from /opt/airflow/dags/hw_dag.py
[2025-01-31T10:27:59.912+0000] {logging_mixin.py:190} INFO - [2025-01-31T10:27:59.911+0000] {predict.py:81} INFO - Текущий рабочий каталог: /opt/airflow, Абсолютный путь: /opt/airflow
[2025-01-31T10:27:59.916+0000] {processor.py:925} INFO - DAG(s) 'model_pipeline' retrieved from /opt/airflow/dags/hw_dag.py
[2025-01-31T10:27:59.938+0000] {logging_mixin.py:190} INFO - [2025-01-31T10:27:59.937+0000] {dag.py:3239} INFO - Sync 1 DAGs
[2025-01-31T10:27:59.957+0000] {logging_mixin.py:190} INFO - [2025-01-31T10:27:59.956+0000] {dag.py:4180} INFO - Setting next_dagrun for model_pipeline to None, run_after=None
[2025-01-31T10:27:59.996+0000] {processor.py:208} INFO - Processing /opt/airflow/dags/hw_dag.py took 1.200 seconds
[2025-01-31T10:28:30.358+0000] {processor.py:186} INFO - Started process (PID=2081) to work on /opt/airflow/dags/hw_dag.py
[2025-01-31T10:28:30.359+0000] {processor.py:914} INFO - Processing file /opt/airflow/dags/hw_dag.py for tasks to queue
[2025-01-31T10:28:30.365+0000] {logging_mixin.py:190} INFO - [2025-01-31T10:28:30.364+0000] {dagbag.py:588} INFO - Filling up the DagBag from /opt/airflow/dags/hw_dag.py
[2025-01-31T10:28:31.616+0000] {logging_mixin.py:190} INFO - [2025-01-31T10:28:31.616+0000] {predict.py:81} INFO - Текущий рабочий каталог: /opt/airflow, Абсолютный путь: /opt/airflow
[2025-01-31T10:28:31.624+0000] {processor.py:925} INFO - DAG(s) 'model_pipeline' retrieved from /opt/airflow/dags/hw_dag.py
[2025-01-31T10:28:31.649+0000] {logging_mixin.py:190} INFO - [2025-01-31T10:28:31.648+0000] {dag.py:3239} INFO - Sync 1 DAGs
[2025-01-31T10:28:31.669+0000] {logging_mixin.py:190} INFO - [2025-01-31T10:28:31.668+0000] {dag.py:4180} INFO - Setting next_dagrun for model_pipeline to None, run_after=None
[2025-01-31T10:28:31.724+0000] {processor.py:208} INFO - Processing /opt/airflow/dags/hw_dag.py took 1.377 seconds
[2025-01-31T10:29:02.554+0000] {processor.py:186} INFO - Started process (PID=2159) to work on /opt/airflow/dags/hw_dag.py
[2025-01-31T10:29:02.555+0000] {processor.py:914} INFO - Processing file /opt/airflow/dags/hw_dag.py for tasks to queue
[2025-01-31T10:29:02.558+0000] {logging_mixin.py:190} INFO - [2025-01-31T10:29:02.557+0000] {dagbag.py:588} INFO - Filling up the DagBag from /opt/airflow/dags/hw_dag.py
[2025-01-31T10:29:03.383+0000] {logging_mixin.py:190} INFO - [2025-01-31T10:29:03.382+0000] {predict.py:81} INFO - Текущий рабочий каталог: /opt/airflow, Абсолютный путь: /opt/airflow
[2025-01-31T10:29:03.386+0000] {processor.py:925} INFO - DAG(s) 'model_pipeline' retrieved from /opt/airflow/dags/hw_dag.py
[2025-01-31T10:29:03.397+0000] {logging_mixin.py:190} INFO - [2025-01-31T10:29:03.397+0000] {dag.py:3239} INFO - Sync 1 DAGs
[2025-01-31T10:29:03.407+0000] {logging_mixin.py:190} INFO - [2025-01-31T10:29:03.407+0000] {dag.py:4180} INFO - Setting next_dagrun for model_pipeline to None, run_after=None
[2025-01-31T10:29:03.421+0000] {processor.py:208} INFO - Processing /opt/airflow/dags/hw_dag.py took 0.876 seconds
[2025-01-31T10:29:34.210+0000] {processor.py:186} INFO - Started process (PID=2237) to work on /opt/airflow/dags/hw_dag.py
[2025-01-31T10:29:34.211+0000] {processor.py:914} INFO - Processing file /opt/airflow/dags/hw_dag.py for tasks to queue
[2025-01-31T10:29:34.213+0000] {logging_mixin.py:190} INFO - [2025-01-31T10:29:34.213+0000] {dagbag.py:588} INFO - Filling up the DagBag from /opt/airflow/dags/hw_dag.py
[2025-01-31T10:29:35.212+0000] {logging_mixin.py:190} INFO - [2025-01-31T10:29:35.212+0000] {predict.py:81} INFO - Текущий рабочий каталог: /opt/airflow, Абсолютный путь: /opt/airflow
[2025-01-31T10:29:35.216+0000] {processor.py:925} INFO - DAG(s) 'model_pipeline' retrieved from /opt/airflow/dags/hw_dag.py
[2025-01-31T10:29:35.231+0000] {logging_mixin.py:190} INFO - [2025-01-31T10:29:35.230+0000] {dag.py:3239} INFO - Sync 1 DAGs
[2025-01-31T10:29:35.246+0000] {logging_mixin.py:190} INFO - [2025-01-31T10:29:35.246+0000] {dag.py:4180} INFO - Setting next_dagrun for model_pipeline to None, run_after=None
[2025-01-31T10:29:35.266+0000] {processor.py:208} INFO - Processing /opt/airflow/dags/hw_dag.py took 1.062 seconds
[2025-01-31T10:30:05.831+0000] {processor.py:186} INFO - Started process (PID=2315) to work on /opt/airflow/dags/hw_dag.py
[2025-01-31T10:30:05.832+0000] {processor.py:914} INFO - Processing file /opt/airflow/dags/hw_dag.py for tasks to queue
[2025-01-31T10:30:05.835+0000] {logging_mixin.py:190} INFO - [2025-01-31T10:30:05.834+0000] {dagbag.py:588} INFO - Filling up the DagBag from /opt/airflow/dags/hw_dag.py
[2025-01-31T10:30:06.816+0000] {logging_mixin.py:190} INFO - [2025-01-31T10:30:06.815+0000] {predict.py:81} INFO - Текущий рабочий каталог: /opt/airflow, Абсолютный путь: /opt/airflow
[2025-01-31T10:30:06.824+0000] {processor.py:925} INFO - DAG(s) 'model_pipeline' retrieved from /opt/airflow/dags/hw_dag.py
[2025-01-31T10:30:06.851+0000] {logging_mixin.py:190} INFO - [2025-01-31T10:30:06.850+0000] {dag.py:3239} INFO - Sync 1 DAGs
[2025-01-31T10:30:06.868+0000] {logging_mixin.py:190} INFO - [2025-01-31T10:30:06.868+0000] {dag.py:4180} INFO - Setting next_dagrun for model_pipeline to None, run_after=None
[2025-01-31T10:30:06.889+0000] {processor.py:208} INFO - Processing /opt/airflow/dags/hw_dag.py took 1.064 seconds
[2025-01-31T10:30:37.793+0000] {processor.py:186} INFO - Started process (PID=2393) to work on /opt/airflow/dags/hw_dag.py
[2025-01-31T10:30:37.794+0000] {processor.py:914} INFO - Processing file /opt/airflow/dags/hw_dag.py for tasks to queue
[2025-01-31T10:30:37.797+0000] {logging_mixin.py:190} INFO - [2025-01-31T10:30:37.796+0000] {dagbag.py:588} INFO - Filling up the DagBag from /opt/airflow/dags/hw_dag.py
[2025-01-31T10:30:38.784+0000] {logging_mixin.py:190} INFO - [2025-01-31T10:30:38.784+0000] {predict.py:81} INFO - Текущий рабочий каталог: /opt/airflow, Абсолютный путь: /opt/airflow
[2025-01-31T10:30:38.787+0000] {processor.py:925} INFO - DAG(s) 'model_pipeline' retrieved from /opt/airflow/dags/hw_dag.py
[2025-01-31T10:30:38.801+0000] {logging_mixin.py:190} INFO - [2025-01-31T10:30:38.801+0000] {dag.py:3239} INFO - Sync 1 DAGs
[2025-01-31T10:30:38.813+0000] {logging_mixin.py:190} INFO - [2025-01-31T10:30:38.812+0000] {dag.py:4180} INFO - Setting next_dagrun for model_pipeline to None, run_after=None
[2025-01-31T10:30:38.829+0000] {processor.py:208} INFO - Processing /opt/airflow/dags/hw_dag.py took 1.048 seconds
[2025-01-31T10:31:09.238+0000] {processor.py:186} INFO - Started process (PID=2473) to work on /opt/airflow/dags/hw_dag.py
[2025-01-31T10:31:09.240+0000] {processor.py:914} INFO - Processing file /opt/airflow/dags/hw_dag.py for tasks to queue
[2025-01-31T10:31:09.242+0000] {logging_mixin.py:190} INFO - [2025-01-31T10:31:09.242+0000] {dagbag.py:588} INFO - Filling up the DagBag from /opt/airflow/dags/hw_dag.py
[2025-01-31T10:31:10.251+0000] {logging_mixin.py:190} INFO - [2025-01-31T10:31:10.250+0000] {predict.py:81} INFO - Текущий рабочий каталог: /opt/airflow, Абсолютный путь: /opt/airflow
[2025-01-31T10:31:10.254+0000] {processor.py:925} INFO - DAG(s) 'model_pipeline' retrieved from /opt/airflow/dags/hw_dag.py
[2025-01-31T10:31:10.274+0000] {logging_mixin.py:190} INFO - [2025-01-31T10:31:10.274+0000] {dag.py:3239} INFO - Sync 1 DAGs
[2025-01-31T10:31:10.291+0000] {logging_mixin.py:190} INFO - [2025-01-31T10:31:10.291+0000] {dag.py:4180} INFO - Setting next_dagrun for model_pipeline to None, run_after=None
[2025-01-31T10:31:10.357+0000] {processor.py:208} INFO - Processing /opt/airflow/dags/hw_dag.py took 1.125 seconds
[2025-01-31T10:31:40.402+0000] {processor.py:186} INFO - Started process (PID=2554) to work on /opt/airflow/dags/hw_dag.py
[2025-01-31T10:31:40.403+0000] {processor.py:914} INFO - Processing file /opt/airflow/dags/hw_dag.py for tasks to queue
[2025-01-31T10:31:40.406+0000] {logging_mixin.py:190} INFO - [2025-01-31T10:31:40.405+0000] {dagbag.py:588} INFO - Filling up the DagBag from /opt/airflow/dags/hw_dag.py
[2025-01-31T10:31:41.416+0000] {logging_mixin.py:190} INFO - [2025-01-31T10:31:41.416+0000] {predict.py:81} INFO - Текущий рабочий каталог: /opt/airflow, Абсолютный путь: /opt/airflow
[2025-01-31T10:31:41.420+0000] {processor.py:925} INFO - DAG(s) 'model_pipeline' retrieved from /opt/airflow/dags/hw_dag.py
[2025-01-31T10:31:41.437+0000] {logging_mixin.py:190} INFO - [2025-01-31T10:31:41.437+0000] {dag.py:3239} INFO - Sync 1 DAGs
[2025-01-31T10:31:41.450+0000] {logging_mixin.py:190} INFO - [2025-01-31T10:31:41.450+0000] {dag.py:4180} INFO - Setting next_dagrun for model_pipeline to None, run_after=None
[2025-01-31T10:31:41.466+0000] {processor.py:208} INFO - Processing /opt/airflow/dags/hw_dag.py took 1.071 seconds
[2025-01-31T10:32:12.075+0000] {processor.py:186} INFO - Started process (PID=2632) to work on /opt/airflow/dags/hw_dag.py
[2025-01-31T10:32:12.077+0000] {processor.py:914} INFO - Processing file /opt/airflow/dags/hw_dag.py for tasks to queue
[2025-01-31T10:32:12.083+0000] {logging_mixin.py:190} INFO - [2025-01-31T10:32:12.082+0000] {dagbag.py:588} INFO - Filling up the DagBag from /opt/airflow/dags/hw_dag.py
[2025-01-31T10:32:13.082+0000] {logging_mixin.py:190} INFO - [2025-01-31T10:32:13.082+0000] {predict.py:81} INFO - Текущий рабочий каталог: /opt/airflow, Абсолютный путь: /opt/airflow
[2025-01-31T10:32:13.086+0000] {processor.py:925} INFO - DAG(s) 'model_pipeline' retrieved from /opt/airflow/dags/hw_dag.py
[2025-01-31T10:32:13.106+0000] {logging_mixin.py:190} INFO - [2025-01-31T10:32:13.105+0000] {dag.py:3239} INFO - Sync 1 DAGs
[2025-01-31T10:32:13.120+0000] {logging_mixin.py:190} INFO - [2025-01-31T10:32:13.119+0000] {dag.py:4180} INFO - Setting next_dagrun for model_pipeline to None, run_after=None
[2025-01-31T10:32:13.143+0000] {processor.py:208} INFO - Processing /opt/airflow/dags/hw_dag.py took 1.079 seconds
[2025-01-31T10:32:43.330+0000] {processor.py:186} INFO - Started process (PID=2713) to work on /opt/airflow/dags/hw_dag.py
[2025-01-31T10:32:43.332+0000] {processor.py:914} INFO - Processing file /opt/airflow/dags/hw_dag.py for tasks to queue
[2025-01-31T10:32:43.337+0000] {logging_mixin.py:190} INFO - [2025-01-31T10:32:43.336+0000] {dagbag.py:588} INFO - Filling up the DagBag from /opt/airflow/dags/hw_dag.py
[2025-01-31T10:32:44.375+0000] {logging_mixin.py:190} INFO - [2025-01-31T10:32:44.374+0000] {predict.py:81} INFO - Текущий рабочий каталог: /opt/airflow, Абсолютный путь: /opt/airflow
[2025-01-31T10:32:44.379+0000] {processor.py:925} INFO - DAG(s) 'model_pipeline' retrieved from /opt/airflow/dags/hw_dag.py
[2025-01-31T10:32:44.403+0000] {logging_mixin.py:190} INFO - [2025-01-31T10:32:44.402+0000] {dag.py:3239} INFO - Sync 1 DAGs
[2025-01-31T10:32:44.424+0000] {logging_mixin.py:190} INFO - [2025-01-31T10:32:44.423+0000] {dag.py:4180} INFO - Setting next_dagrun for model_pipeline to None, run_after=None
[2025-01-31T10:32:44.453+0000] {processor.py:208} INFO - Processing /opt/airflow/dags/hw_dag.py took 1.134 seconds
[2025-01-31T10:33:15.344+0000] {processor.py:186} INFO - Started process (PID=2791) to work on /opt/airflow/dags/hw_dag.py
[2025-01-31T10:33:15.345+0000] {processor.py:914} INFO - Processing file /opt/airflow/dags/hw_dag.py for tasks to queue
[2025-01-31T10:33:15.351+0000] {logging_mixin.py:190} INFO - [2025-01-31T10:33:15.350+0000] {dagbag.py:588} INFO - Filling up the DagBag from /opt/airflow/dags/hw_dag.py
[2025-01-31T10:33:16.240+0000] {logging_mixin.py:190} INFO - [2025-01-31T10:33:16.239+0000] {predict.py:81} INFO - Текущий рабочий каталог: /opt/airflow, Абсолютный путь: /opt/airflow
[2025-01-31T10:33:16.244+0000] {processor.py:925} INFO - DAG(s) 'model_pipeline' retrieved from /opt/airflow/dags/hw_dag.py
[2025-01-31T10:33:16.259+0000] {logging_mixin.py:190} INFO - [2025-01-31T10:33:16.259+0000] {dag.py:3239} INFO - Sync 1 DAGs
[2025-01-31T10:33:16.273+0000] {logging_mixin.py:190} INFO - [2025-01-31T10:33:16.273+0000] {dag.py:4180} INFO - Setting next_dagrun for model_pipeline to None, run_after=None
[2025-01-31T10:33:16.305+0000] {processor.py:208} INFO - Processing /opt/airflow/dags/hw_dag.py took 0.969 seconds
[2025-01-31T10:33:47.039+0000] {processor.py:186} INFO - Started process (PID=2870) to work on /opt/airflow/dags/hw_dag.py
[2025-01-31T10:33:47.041+0000] {processor.py:914} INFO - Processing file /opt/airflow/dags/hw_dag.py for tasks to queue
[2025-01-31T10:33:47.043+0000] {logging_mixin.py:190} INFO - [2025-01-31T10:33:47.043+0000] {dagbag.py:588} INFO - Filling up the DagBag from /opt/airflow/dags/hw_dag.py
[2025-01-31T10:33:47.953+0000] {logging_mixin.py:190} INFO - [2025-01-31T10:33:47.952+0000] {predict.py:81} INFO - Текущий рабочий каталог: /opt/airflow, Абсолютный путь: /opt/airflow
[2025-01-31T10:33:47.958+0000] {processor.py:925} INFO - DAG(s) 'model_pipeline' retrieved from /opt/airflow/dags/hw_dag.py
[2025-01-31T10:33:47.975+0000] {logging_mixin.py:190} INFO - [2025-01-31T10:33:47.975+0000] {dag.py:3239} INFO - Sync 1 DAGs
[2025-01-31T10:33:47.988+0000] {logging_mixin.py:190} INFO - [2025-01-31T10:33:47.988+0000] {dag.py:4180} INFO - Setting next_dagrun for model_pipeline to None, run_after=None
[2025-01-31T10:33:48.008+0000] {processor.py:208} INFO - Processing /opt/airflow/dags/hw_dag.py took 0.977 seconds
[2025-01-31T10:34:18.357+0000] {processor.py:186} INFO - Started process (PID=2952) to work on /opt/airflow/dags/hw_dag.py
[2025-01-31T10:34:18.358+0000] {processor.py:914} INFO - Processing file /opt/airflow/dags/hw_dag.py for tasks to queue
[2025-01-31T10:34:18.360+0000] {logging_mixin.py:190} INFO - [2025-01-31T10:34:18.360+0000] {dagbag.py:588} INFO - Filling up the DagBag from /opt/airflow/dags/hw_dag.py
[2025-01-31T10:34:19.239+0000] {logging_mixin.py:190} INFO - [2025-01-31T10:34:19.239+0000] {predict.py:81} INFO - Текущий рабочий каталог: /opt/airflow, Абсолютный путь: /opt/airflow
[2025-01-31T10:34:19.244+0000] {processor.py:925} INFO - DAG(s) 'model_pipeline' retrieved from /opt/airflow/dags/hw_dag.py
[2025-01-31T10:34:19.260+0000] {logging_mixin.py:190} INFO - [2025-01-31T10:34:19.260+0000] {dag.py:3239} INFO - Sync 1 DAGs
[2025-01-31T10:34:19.274+0000] {logging_mixin.py:190} INFO - [2025-01-31T10:34:19.273+0000] {dag.py:4180} INFO - Setting next_dagrun for model_pipeline to None, run_after=None
[2025-01-31T10:34:19.294+0000] {processor.py:208} INFO - Processing /opt/airflow/dags/hw_dag.py took 0.942 seconds
