[2025-01-30T12:07:05.701+0000] {local_task_job_runner.py:123} INFO - ::group::Pre task execution logs
[2025-01-30T12:07:05.719+0000] {taskinstance.py:2612} INFO - Dependencies all met for dep_context=non-requeueable deps ti=<TaskInstance: model_pipeline.run_pipeline manual__2025-01-30T12:06:57.646766+00:00 [queued]>
[2025-01-30T12:07:05.727+0000] {taskinstance.py:2612} INFO - Dependencies all met for dep_context=requeueable deps ti=<TaskInstance: model_pipeline.run_pipeline manual__2025-01-30T12:06:57.646766+00:00 [queued]>
[2025-01-30T12:07:05.728+0000] {taskinstance.py:2865} INFO - Starting attempt 1 of 2
[2025-01-30T12:07:05.742+0000] {taskinstance.py:2888} INFO - Executing <Task(PythonOperator): run_pipeline> on 2025-01-30 12:06:57.646766+00:00
[2025-01-30T12:07:05.753+0000] {standard_task_runner.py:104} INFO - Running: ['***', 'tasks', 'run', 'model_pipeline', 'run_pipeline', 'manual__2025-01-30T12:06:57.646766+00:00', '--job-id', '41', '--raw', '--subdir', 'DAGS_FOLDER/hw_dag.py', '--cfg-path', '/tmp/tmp03j_m9t4']
[2025-01-30T12:07:05.755+0000] {standard_task_runner.py:105} INFO - Job 41: Subtask run_pipeline
[2025-01-30T12:07:05.751+0000] {warnings.py:112} WARNING - /home/***/.local/lib/python3.12/site-packages/***/task/task_runner/standard_task_runner.py:70: DeprecationWarning: This process (pid=72) is multi-threaded, use of fork() may lead to deadlocks in the child.
  pid = os.fork()

[2025-01-30T12:07:05.756+0000] {standard_task_runner.py:72} INFO - Started process 89 to run task
[2025-01-30T12:07:05.801+0000] {task_command.py:467} INFO - Running <TaskInstance: model_pipeline.run_pipeline manual__2025-01-30T12:06:57.646766+00:00 [running]> on host 13fa6b44c1bf
[2025-01-30T12:07:05.876+0000] {taskinstance.py:3131} INFO - Exporting env vars: AIRFLOW_CTX_DAG_OWNER='***' AIRFLOW_CTX_DAG_ID='model_pipeline' AIRFLOW_CTX_TASK_ID='run_pipeline' AIRFLOW_CTX_EXECUTION_DATE='2025-01-30T12:06:57.646766+00:00' AIRFLOW_CTX_TRY_NUMBER='1' AIRFLOW_CTX_DAG_RUN_ID='manual__2025-01-30T12:06:57.646766+00:00'
[2025-01-30T12:07:05.877+0000] {logging_mixin.py:190} INFO - Task instance is in running state
[2025-01-30T12:07:05.878+0000] {logging_mixin.py:190} INFO -  Previous state of the Task instance: queued
[2025-01-30T12:07:05.879+0000] {logging_mixin.py:190} INFO - Current task name:run_pipeline state:running start_date:2025-01-30 12:07:05.720359+00:00
[2025-01-30T12:07:05.879+0000] {logging_mixin.py:190} INFO - Dag name:model_pipeline and current dag run status:running
[2025-01-30T12:07:05.880+0000] {taskinstance.py:731} INFO - ::endgroup::
[2025-01-30T12:07:07.803+0000] {pipeline.py:120} INFO - model: LogisticRegression, acc_mean: 0.7591, acc_std: 0.0075
[2025-01-30T12:07:45.185+0000] {pipeline.py:120} INFO - model: RandomForestClassifier, acc_mean: 0.7786, acc_std: 0.0058
[2025-01-30T12:07:59.357+0000] {pipeline.py:120} INFO - model: SVC, acc_mean: 0.7871, acc_std: 0.0042
[2025-01-30T12:07:59.358+0000] {pipeline.py:125} INFO - best model: SVC, accuracy: 0.7871
[2025-01-30T12:08:05.043+0000] {pipeline.py:133} INFO - Model is saved as /opt/***/data/models/cars_pipe_202501301208.pkl
[2025-01-30T12:08:05.050+0000] {python.py:240} INFO - Done. Returned value was: None
[2025-01-30T12:08:05.068+0000] {taskinstance.py:340} INFO - ::group::Post task execution logs
[2025-01-30T12:08:05.069+0000] {taskinstance.py:352} INFO - Marking task as SUCCESS. dag_id=model_pipeline, task_id=run_pipeline, run_id=manual__2025-01-30T12:06:57.646766+00:00, execution_date=20250130T120657, start_date=20250130T120705, end_date=20250130T120805
[2025-01-30T12:08:05.086+0000] {logging_mixin.py:190} INFO - Task instance in success state
[2025-01-30T12:08:05.087+0000] {logging_mixin.py:190} INFO -  Previous state of the Task instance: running
[2025-01-30T12:08:05.088+0000] {logging_mixin.py:190} INFO - Dag name:model_pipeline queued_at:2025-01-30 12:06:57.670080+00:00
[2025-01-30T12:08:05.089+0000] {logging_mixin.py:190} INFO - Task hostname:13fa6b44c1bf operator:PythonOperator
[2025-01-30T12:08:05.116+0000] {local_task_job_runner.py:266} INFO - Task exited with return code 0
[2025-01-30T12:08:05.143+0000] {taskinstance.py:3900} INFO - 1 downstream tasks scheduled from follow-on schedule check
[2025-01-30T12:08:05.146+0000] {local_task_job_runner.py:245} INFO - ::endgroup::
