[2025-01-31T10:16:51.018+0000] {local_task_job_runner.py:123} INFO - ::group::Pre task execution logs
[2025-01-31T10:16:51.049+0000] {taskinstance.py:2612} INFO - Dependencies all met for dep_context=non-requeueable deps ti=<TaskInstance: model_pipeline.run_predictions manual__2025-01-31T10:15:45.319664+00:00 [queued]>
[2025-01-31T10:16:51.065+0000] {taskinstance.py:2612} INFO - Dependencies all met for dep_context=requeueable deps ti=<TaskInstance: model_pipeline.run_predictions manual__2025-01-31T10:15:45.319664+00:00 [queued]>
[2025-01-31T10:16:51.067+0000] {taskinstance.py:2865} INFO - Starting attempt 1 of 2
[2025-01-31T10:16:51.089+0000] {taskinstance.py:2888} INFO - Executing <Task(PythonOperator): run_predictions> on 2025-01-31 10:15:45.319664+00:00
[2025-01-31T10:16:51.105+0000] {warnings.py:112} WARNING - /home/***/.local/lib/python3.12/site-packages/***/task/task_runner/standard_task_runner.py:70: DeprecationWarning: This process (pid=104) is multi-threaded, use of fork() may lead to deadlocks in the child.
  pid = os.fork()

[2025-01-31T10:16:51.108+0000] {standard_task_runner.py:104} INFO - Running: ['***', 'tasks', 'run', 'model_pipeline', 'run_predictions', 'manual__2025-01-31T10:15:45.319664+00:00', '--job-id', '49', '--raw', '--subdir', 'DAGS_FOLDER/hw_dag.py', '--cfg-path', '/tmp/tmpnl7duy4_']
[2025-01-31T10:16:51.110+0000] {standard_task_runner.py:72} INFO - Started process 121 to run task
[2025-01-31T10:16:51.111+0000] {standard_task_runner.py:105} INFO - Job 49: Subtask run_predictions
[2025-01-31T10:16:51.196+0000] {task_command.py:467} INFO - Running <TaskInstance: model_pipeline.run_predictions manual__2025-01-31T10:15:45.319664+00:00 [running]> on host a9182a41a48f
[2025-01-31T10:16:51.299+0000] {taskinstance.py:3131} INFO - Exporting env vars: AIRFLOW_CTX_DAG_OWNER='***' AIRFLOW_CTX_DAG_ID='model_pipeline' AIRFLOW_CTX_TASK_ID='run_predictions' AIRFLOW_CTX_EXECUTION_DATE='2025-01-31T10:15:45.319664+00:00' AIRFLOW_CTX_TRY_NUMBER='1' AIRFLOW_CTX_DAG_RUN_ID='manual__2025-01-31T10:15:45.319664+00:00'
[2025-01-31T10:16:51.301+0000] {logging_mixin.py:190} INFO - Task instance is in running state
[2025-01-31T10:16:51.302+0000] {logging_mixin.py:190} INFO -  Previous state of the Task instance: queued
[2025-01-31T10:16:51.303+0000] {logging_mixin.py:190} INFO - Current task name:run_predictions state:running start_date:2025-01-31 10:16:51.051024+00:00
[2025-01-31T10:16:51.304+0000] {logging_mixin.py:190} INFO - Dag name:model_pipeline and current dag run status:running
[2025-01-31T10:16:51.304+0000] {taskinstance.py:731} INFO - ::endgroup::
[2025-01-31T10:16:51.312+0000] {predict.py:27} INFO - Загрузка модели из /opt/***/data/models/cars_pipe_202501311016.pkl
[2025-01-31T10:16:51.609+0000] {predict.py:71} INFO - Предсказания сохранены по пути /opt/***/data/predictions/predictions_with_files.csv
[2025-01-31T10:16:51.610+0000] {python.py:240} INFO - Done. Returned value was: None
[2025-01-31T10:16:51.620+0000] {taskinstance.py:340} INFO - ::group::Post task execution logs
[2025-01-31T10:16:51.621+0000] {taskinstance.py:352} INFO - Marking task as SUCCESS. dag_id=model_pipeline, task_id=run_predictions, run_id=manual__2025-01-31T10:15:45.319664+00:00, execution_date=20250131T101545, start_date=20250131T101651, end_date=20250131T101651
[2025-01-31T10:16:51.632+0000] {logging_mixin.py:190} INFO - Task instance in success state
[2025-01-31T10:16:51.633+0000] {logging_mixin.py:190} INFO -  Previous state of the Task instance: running
[2025-01-31T10:16:51.635+0000] {logging_mixin.py:190} INFO - Dag name:model_pipeline queued_at:2025-01-31 10:15:45.339224+00:00
[2025-01-31T10:16:51.635+0000] {logging_mixin.py:190} INFO - Task hostname:a9182a41a48f operator:PythonOperator
[2025-01-31T10:16:51.651+0000] {local_task_job_runner.py:266} INFO - Task exited with return code 0
[2025-01-31T10:16:51.667+0000] {taskinstance.py:3900} INFO - 0 downstream tasks scheduled from follow-on schedule check
[2025-01-31T10:16:51.669+0000] {local_task_job_runner.py:245} INFO - ::endgroup::
