[2025-01-30T11:50:09.108+0000] {local_task_job_runner.py:123} INFO - ::group::Pre task execution logs
[2025-01-30T11:50:09.132+0000] {taskinstance.py:2612} INFO - Dependencies all met for dep_context=non-requeueable deps ti=<TaskInstance: model_pipeline.run_pipeline manual__2025-01-30T11:50:02.948168+00:00 [queued]>
[2025-01-30T11:50:09.149+0000] {taskinstance.py:2612} INFO - Dependencies all met for dep_context=requeueable deps ti=<TaskInstance: model_pipeline.run_pipeline manual__2025-01-30T11:50:02.948168+00:00 [queued]>
[2025-01-30T11:50:09.151+0000] {taskinstance.py:2865} INFO - Starting attempt 1 of 2
[2025-01-30T11:50:09.183+0000] {taskinstance.py:2888} INFO - Executing <Task(PythonOperator): run_pipeline> on 2025-01-30 11:50:02.948168+00:00
[2025-01-30T11:50:09.201+0000] {standard_task_runner.py:104} INFO - Running: ['***', 'tasks', 'run', 'model_pipeline', 'run_pipeline', 'manual__2025-01-30T11:50:02.948168+00:00', '--job-id', '36', '--raw', '--subdir', 'DAGS_FOLDER/hw_dag.py', '--cfg-path', '/tmp/tmpkazj396y']
[2025-01-30T11:50:09.201+0000] {warnings.py:112} WARNING - /home/***/.local/lib/python3.12/site-packages/***/task/task_runner/standard_task_runner.py:70: DeprecationWarning: This process (pid=94) is multi-threaded, use of fork() may lead to deadlocks in the child.
  pid = os.fork()

[2025-01-30T11:50:09.203+0000] {standard_task_runner.py:105} INFO - Job 36: Subtask run_pipeline
[2025-01-30T11:50:09.204+0000] {standard_task_runner.py:72} INFO - Started process 111 to run task
[2025-01-30T11:50:09.269+0000] {task_command.py:467} INFO - Running <TaskInstance: model_pipeline.run_pipeline manual__2025-01-30T11:50:02.948168+00:00 [running]> on host 348922fac919
[2025-01-30T11:50:09.354+0000] {taskinstance.py:3131} INFO - Exporting env vars: AIRFLOW_CTX_DAG_OWNER='***' AIRFLOW_CTX_DAG_ID='model_pipeline' AIRFLOW_CTX_TASK_ID='run_pipeline' AIRFLOW_CTX_EXECUTION_DATE='2025-01-30T11:50:02.948168+00:00' AIRFLOW_CTX_TRY_NUMBER='1' AIRFLOW_CTX_DAG_RUN_ID='manual__2025-01-30T11:50:02.948168+00:00'
[2025-01-30T11:50:09.357+0000] {logging_mixin.py:190} INFO - Task instance is in running state
[2025-01-30T11:50:09.357+0000] {logging_mixin.py:190} INFO -  Previous state of the Task instance: queued
[2025-01-30T11:50:09.358+0000] {logging_mixin.py:190} INFO - Current task name:run_pipeline state:running start_date:2025-01-30 11:50:09.133868+00:00
[2025-01-30T11:50:09.359+0000] {logging_mixin.py:190} INFO - Dag name:model_pipeline and current dag run status:running
[2025-01-30T11:50:09.359+0000] {taskinstance.py:731} INFO - ::endgroup::
[2025-01-30T11:50:12.794+0000] {pipeline.py:120} INFO - model: LogisticRegression, acc_mean: 0.7591, acc_std: 0.0075
[2025-01-30T11:50:50.409+0000] {pipeline.py:120} INFO - model: RandomForestClassifier, acc_mean: 0.7751, acc_std: 0.0049
[2025-01-30T11:51:05.236+0000] {pipeline.py:120} INFO - model: SVC, acc_mean: 0.7871, acc_std: 0.0042
[2025-01-30T11:51:05.242+0000] {pipeline.py:125} INFO - best model: SVC, accuracy: 0.7871
[2025-01-30T11:51:11.642+0000] {pipeline.py:133} INFO - Model is saved as /opt/***/data/models/cars_pipe_202501301151.pkl
[2025-01-30T11:51:11.659+0000] {python.py:240} INFO - Done. Returned value was: None
[2025-01-30T11:51:11.697+0000] {taskinstance.py:340} INFO - ::group::Post task execution logs
[2025-01-30T11:51:11.746+0000] {taskinstance.py:352} INFO - Marking task as SUCCESS. dag_id=model_pipeline, task_id=run_pipeline, run_id=manual__2025-01-30T11:50:02.948168+00:00, execution_date=20250130T115002, start_date=20250130T115009, end_date=20250130T115111
[2025-01-30T11:51:11.776+0000] {logging_mixin.py:190} INFO - Task instance in success state
[2025-01-30T11:51:11.809+0000] {logging_mixin.py:190} INFO -  Previous state of the Task instance: running
[2025-01-30T11:51:11.811+0000] {logging_mixin.py:190} INFO - Dag name:model_pipeline queued_at:2025-01-30 11:50:02.969218+00:00
[2025-01-30T11:51:11.813+0000] {logging_mixin.py:190} INFO - Task hostname:348922fac919 operator:PythonOperator
[2025-01-30T11:51:11.934+0000] {local_task_job_runner.py:266} INFO - Task exited with return code 0
[2025-01-30T11:51:11.982+0000] {taskinstance.py:3900} INFO - 1 downstream tasks scheduled from follow-on schedule check
[2025-01-30T11:51:11.995+0000] {local_task_job_runner.py:245} INFO - ::endgroup::
