[2025-01-31T10:15:50.501+0000] {local_task_job_runner.py:123} INFO - ::group::Pre task execution logs
[2025-01-31T10:15:50.526+0000] {taskinstance.py:2612} INFO - Dependencies all met for dep_context=non-requeueable deps ti=<TaskInstance: model_pipeline.run_pipeline manual__2025-01-31T10:15:45.319664+00:00 [queued]>
[2025-01-31T10:15:50.541+0000] {taskinstance.py:2612} INFO - Dependencies all met for dep_context=requeueable deps ti=<TaskInstance: model_pipeline.run_pipeline manual__2025-01-31T10:15:45.319664+00:00 [queued]>
[2025-01-31T10:15:50.543+0000] {taskinstance.py:2865} INFO - Starting attempt 1 of 2
[2025-01-31T10:15:50.568+0000] {taskinstance.py:2888} INFO - Executing <Task(PythonOperator): run_pipeline> on 2025-01-31 10:15:45.319664+00:00
[2025-01-31T10:15:50.582+0000] {standard_task_runner.py:104} INFO - Running: ['***', 'tasks', 'run', 'model_pipeline', 'run_pipeline', 'manual__2025-01-31T10:15:45.319664+00:00', '--job-id', '48', '--raw', '--subdir', 'DAGS_FOLDER/hw_dag.py', '--cfg-path', '/tmp/tmpnj2c6w34']
[2025-01-31T10:15:50.579+0000] {warnings.py:112} WARNING - /home/***/.local/lib/python3.12/site-packages/***/task/task_runner/standard_task_runner.py:70: DeprecationWarning: This process (pid=72) is multi-threaded, use of fork() may lead to deadlocks in the child.
  pid = os.fork()

[2025-01-31T10:15:50.584+0000] {standard_task_runner.py:105} INFO - Job 48: Subtask run_pipeline
[2025-01-31T10:15:50.585+0000] {standard_task_runner.py:72} INFO - Started process 89 to run task
[2025-01-31T10:15:50.641+0000] {task_command.py:467} INFO - Running <TaskInstance: model_pipeline.run_pipeline manual__2025-01-31T10:15:45.319664+00:00 [running]> on host a9182a41a48f
[2025-01-31T10:15:50.734+0000] {taskinstance.py:3131} INFO - Exporting env vars: AIRFLOW_CTX_DAG_OWNER='***' AIRFLOW_CTX_DAG_ID='model_pipeline' AIRFLOW_CTX_TASK_ID='run_pipeline' AIRFLOW_CTX_EXECUTION_DATE='2025-01-31T10:15:45.319664+00:00' AIRFLOW_CTX_TRY_NUMBER='1' AIRFLOW_CTX_DAG_RUN_ID='manual__2025-01-31T10:15:45.319664+00:00'
[2025-01-31T10:15:50.737+0000] {logging_mixin.py:190} INFO - Task instance is in running state
[2025-01-31T10:15:50.738+0000] {logging_mixin.py:190} INFO -  Previous state of the Task instance: queued
[2025-01-31T10:15:50.740+0000] {logging_mixin.py:190} INFO - Current task name:run_pipeline state:running start_date:2025-01-31 10:15:50.528374+00:00
[2025-01-31T10:15:50.741+0000] {logging_mixin.py:190} INFO - Dag name:model_pipeline and current dag run status:running
[2025-01-31T10:15:50.743+0000] {taskinstance.py:731} INFO - ::endgroup::
[2025-01-31T10:15:53.608+0000] {pipeline.py:120} INFO - model: LogisticRegression, acc_mean: 0.7591, acc_std: 0.0075
[2025-01-31T10:16:28.657+0000] {pipeline.py:120} INFO - model: RandomForestClassifier, acc_mean: 0.7784, acc_std: 0.0051
[2025-01-31T10:16:42.860+0000] {pipeline.py:120} INFO - model: SVC, acc_mean: 0.7871, acc_std: 0.0042
[2025-01-31T10:16:42.861+0000] {pipeline.py:125} INFO - best model: SVC, accuracy: 0.7871
[2025-01-31T10:16:48.124+0000] {pipeline.py:133} INFO - Model is saved as /opt/***/data/models/cars_pipe_202501311016.pkl
[2025-01-31T10:16:48.128+0000] {python.py:240} INFO - Done. Returned value was: None
[2025-01-31T10:16:48.141+0000] {taskinstance.py:340} INFO - ::group::Post task execution logs
[2025-01-31T10:16:48.143+0000] {taskinstance.py:352} INFO - Marking task as SUCCESS. dag_id=model_pipeline, task_id=run_pipeline, run_id=manual__2025-01-31T10:15:45.319664+00:00, execution_date=20250131T101545, start_date=20250131T101550, end_date=20250131T101648
[2025-01-31T10:16:48.162+0000] {logging_mixin.py:190} INFO - Task instance in success state
[2025-01-31T10:16:48.163+0000] {logging_mixin.py:190} INFO -  Previous state of the Task instance: running
[2025-01-31T10:16:48.164+0000] {logging_mixin.py:190} INFO - Dag name:model_pipeline queued_at:2025-01-31 10:15:45.339224+00:00
[2025-01-31T10:16:48.164+0000] {logging_mixin.py:190} INFO - Task hostname:a9182a41a48f operator:PythonOperator
[2025-01-31T10:16:48.224+0000] {local_task_job_runner.py:266} INFO - Task exited with return code 0
[2025-01-31T10:16:48.249+0000] {taskinstance.py:3900} INFO - 1 downstream tasks scheduled from follow-on schedule check
[2025-01-31T10:16:48.252+0000] {local_task_job_runner.py:245} INFO - ::endgroup::
